#
# A fatal error has been detected by the Java Runtime Environment:
#
#  SIGSEGV (0xb) at pc=0x00007fbb14c760ad, pid=6166, tid=6183
#
# JRE version: OpenJDK Runtime Environment (11.0.11+9) (build 11.0.11+9-Ubuntu-0ubuntu2.20.04)
# Java VM: OpenJDK 64-Bit Server VM (11.0.11+9-Ubuntu-0ubuntu2.20.04, mixed mode, tiered, compressed oops, g1 gc, linux-amd64)
# Problematic frame:
# C  [libjimage.so+0x30ad]
#
# Core dump will be written. Default location: Core dumps may be processed with "/usr/share/apport/apport %p %s %c %d %P %E" (or dumping to /home/barbara/eclipse-workspace/store/core.6166)
#
# If you would like to submit a bug report, please visit:
#   https://bugs.launchpad.net/ubuntu/+source/openjdk-lts
#

---------------  S U M M A R Y ------------

Command Line: -agentlib:jdwp=transport=dt_socket,suspend=y,address=localhost:43909 -javaagent:/home/barbara/eclipse/java-2021-06/eclipse/configuration/org.eclipse.osgi/217/0/.cp/lib/javaagent-shaded.jar -Dfile.encoding=UTF-8 org.springframework.boot.store.StoreApplication

Host: Intel(R) Core(TM) i5-8250U CPU @ 1.60GHz, 8 cores, 7G, Ubuntu 20.04.2 LTS
Time: Fri Sep 10 19:41:52 2021 -03 elapsed time: 26.589414 seconds (0d 0h 0m 26s)

---------------  T H R E A D  ---------------

Current thread (0x00007fbb101d8000):  JavaThread "Signal Dispatcher" daemon [_thread_in_vm, id=6183, stack(0x00007fbaec6f9000,0x00007fbaec7fa000)]

Stack: [0x00007fbaec6f9000,0x00007fbaec7fa000],  sp=0x00007fbaec7f71f0,  free space=1016k
Native frames: (J=compiled Java code, A=aot compiled Java code, j=interpreted, Vv=VM code, C=native code)
C  [libjimage.so+0x30ad]
C  [libjimage.so+0x3da2]
C  [libjimage.so+0x4291]  JIMAGE_FindResource+0xf1
V  [libjvm.so+0x5b0731]
V  [libjvm.so+0x5b2ee1]
V  [libjvm.so+0xdea23d]
V  [libjvm.so+0xde8dca]
V  [libjvm.so+0xdeb38b]
V  [libjvm.so+0x6624ce]
V  [libjvm.so+0x850e76]
j  jdk.internal.misc.Signal.dispatch(I)V+25 java.base@11.0.11
v  ~StubRoutines::call_stub
V  [libjvm.so+0x859b69]
V  [libjvm.so+0x858b82]
V  [libjvm.so+0xbc8b4e]
V  [libjvm.so+0xe2105f]
V  [libjvm.so+0xe1d690]
V  [libjvm.so+0xbdac76]

Java frames: (J=compiled Java code, j=interpreted, Vv=VM code)
j  jdk.internal.misc.Signal.dispatch(I)V+25 java.base@11.0.11
v  ~StubRoutines::call_stub

siginfo: si_signo: 11 (SIGSEGV), si_code: 1 (SEGV_MAPERR), si_addr: 0x00007fbb0787e8e0

Register to memory mapping:

RAX=0x0000000000001a31 is an unknown value
RBX=0x00007fbaec7f72a1 is pointing into the stack for thread: 0x00007fbb101d8000
RCX=0x00007fbaec7f72c3 is pointing into the stack for thread: 0x00007fbb101d8000
RDX=0x0000000000001a31 is an unknown value
RSP=0x00007fbaec7f71f0 is pointing into the stack for thread: 0x00007fbb101d8000
RBP=0x00007fbaec7f7210 is pointing into the stack for thread: 0x00007fbb101d8000
RSI=0x0 is NULL
RDI=0x00007fbb14c7b030: <offset 0x0000000000008030> in /usr/lib/jvm/java-11-openjdk-amd64/lib/libjimage.so at 0x00007fbb14c73000
R8 =0x00007fbb0787801c is an unknown value
R9 =0x00007fbaec7f80b0 is pointing into the stack for thread: 0x00007fbb101d8000
R10=0x0000000000000031 is an unknown value
R11=0x00007fbaec7f8418 is pointing into the stack for thread: 0x00007fbb101d8000
R12=0x000000000000843b is an unknown value
R13=0x00007fbaec7f72a0 is pointing into the stack for thread: 0x00007fbb101d8000
R14=0x0 is NULL
R15=0x00007fbb101d8c10 points into unknown readable memory: 0x65746e692f6b646a | 6a 64 6b 2f 69 6e 74 65


Registers:
RAX=0x0000000000001a31, RBX=0x00007fbaec7f72a1, RCX=0x00007fbaec7f72c3, RDX=0x0000000000001a31
RSP=0x00007fbaec7f71f0, RBP=0x00007fbaec7f7210, RSI=0x0000000000000000, RDI=0x00007fbb14c7b030
R8 =0x00007fbb0787801c, R9 =0x00007fbaec7f80b0, R10=0x0000000000000031, R11=0x00007fbaec7f8418
R12=0x000000000000843b, R13=0x00007fbaec7f72a0, R14=0x0000000000000000, R15=0x00007fbb101d8c10
RIP=0x00007fbb14c760ad, EFLAGS=0x0000000000010246, CSGSFS=0x002b000000000033, ERR=0x0000000000000004
  TRAPNO=0x000000000000000e

Top of Stack: (sp=0x00007fbaec7f71f0)
0x00007fbaec7f71f0:   0000000000000000 00007fbaec7f8338
0x00007fbaec7f7200:   00007fbb10009be0 00007fbaec7f72a0
0x00007fbaec7f7210:   00007fbaec7f7280 00007fbb14c76da2
0x00007fbaec7f7220:   0000000000000000 0000000000000000 

Instructions: (pc=0x00007fbb14c760ad)
0x00007fbb14c75fad:   f3 ff ff 44 03 65 90 e9 3f fe ff ff 0f 1f 80 00
0x00007fbb14c75fbd:   00 00 00 41 8b 10 41 89 55 00 41 8b 54 00 fc 41
0x00007fbb14c75fcd:   89 54 05 fc e9 82 fc ff ff 66 2e 0f 1f 84 00 00
0x00007fbb14c75fdd:   00 00 00 b9 0a 00 00 00 e9 f0 fc ff ff 41 0f b7
0x00007fbb14c75fed:   54 00 fe 66 41 89 54 05 fe e9 5d fc ff ff 0f 1f
0x00007fbb14c75ffd:   44 00 00 f3 0f 1e fa 0f b6 17 89 f0 89 f1 4c 8d
0x00007fbb14c7600d:   47 01 84 d2 74 1c 0f 1f 44 00 00 69 c9 93 01 00
0x00007fbb14c7601d:   01 49 83 c0 01 31 d1 41 0f b6 50 ff 84 d2 75 eb
0x00007fbb14c7602d:   89 c8 25 ff ff ff 7f c3 90 66 2e 0f 1f 84 00 00
0x00007fbb14c7603d:   00 00 00 f3 0f 1e fa 48 85 d2 0f 84 da 00 00 00
0x00007fbb14c7604d:   55 48 89 e5 41 55 41 54 41 89 cc 53 48 83 ec 08
0x00007fbb14c7605d:   85 c9 0f 84 ba 00 00 00 49 89 f5 48 8d 5e 01 0f
0x00007fbb14c7606d:   b6 36 49 89 d0 40 84 f6 0f 84 9d 00 00 00 48 89
0x00007fbb14c7607d:   d9 b8 93 01 00 01 0f 1f 44 00 00 69 d0 93 01 00
0x00007fbb14c7608d:   01 48 83 c1 01 40 0f b6 c6 0f b6 71 ff 31 d0 40
0x00007fbb14c7609d:   84 f6 75 e7 25 ff ff ff 7f 31 d2 41 f7 f4 89 d0
0x00007fbb14c760ad:   41 8b 34 80 48 8b 07 ff 50 20 85 c0 7f 15 74 62
0x00007fbb14c760bd:   f7 d0 41 89 c0 48 83 c4 08 44 89 c0 5b 41 5c 41
0x00007fbb14c760cd:   5d 5d c3 41 0f b6 4d 00 89 c6 84 c9 74 1b 0f 1f
0x00007fbb14c760dd:   44 00 00 69 f6 93 01 00 01 48 83 c3 01 31 ce 0f
0x00007fbb14c760ed:   b6 4b ff 84 c9 75 ec 89 f0 25 ff ff ff 7f 31 d2
0x00007fbb14c760fd:   48 83 c4 08 41 f7 f4 5b 41 5c 41 5d 5d 41 89 d0
0x00007fbb14c7610d:   44 89 c0 c3 0f 1f 80 00 00 00 00 b8 93 01 00 01
0x00007fbb14c7611d:   eb 87 41 b8 ff ff ff ff eb 9b 41 83 c8 ff 44 89
0x00007fbb14c7612d:   c0 c3 90 f3 0f 1e fa eb 1d 66 2e 0f 1f 84 00 00
0x00007fbb14c7613d:   00 00 00 0f b6 16 84 d2 74 13 38 c2 75 15 48 83
0x00007fbb14c7614d:   c7 01 48 83 c6 01 0f b6 07 84 c0 75 e6 48 89 f8
0x00007fbb14c7615d:   c3 66 90 31 c0 c3 90 66 66 2e 0f 1f 84 00 00 00
0x00007fbb14c7616d:   00 00 90 f3 0f 1e fa 48 85 f6 74 51 0f b6 06 84
0x00007fbb14c7617d:   c0 74 4a 0f b6 d0 83 e0 07 c1 fa 03 44 8d 50 01
0x00007fbb14c7618d:   0f b6 c0 41 89 d1 4c 8d 44 06 02 48 8d 56 01 31
0x00007fbb14c7619d:   c0 66 90 0f b6 0a 48 c1 e0 08 48 83 c2 01 48 09 


Stack slot to memory mapping:
stack at sp + 0 slots: 0x0 is NULL
stack at sp + 1 slots: 0x00007fbaec7f8338 is pointing into the stack for thread: 0x00007fbb101d8000
stack at sp + 2 slots: 0x00007fbb10009be0 points into unknown readable memory: 0x00007fbab4003e10 | 10 3e 00 b4 ba 7f 00 00
stack at sp + 3 slots: 0x00007fbaec7f72a0 is pointing into the stack for thread: 0x00007fbb101d8000
stack at sp + 4 slots: 0x00007fbaec7f7280 is pointing into the stack for thread: 0x00007fbb101d8000
stack at sp + 5 slots: 0x00007fbb14c76da2: <offset 0x0000000000003da2> in /usr/lib/jvm/java-11-openjdk-amd64/lib/libjimage.so at 0x00007fbb14c73000
stack at sp + 6 slots: 0x0 is NULL
stack at sp + 7 slots: 0x0 is NULL


---------------  P R O C E S S  ---------------

Threads class SMR info:
_java_thread_list=0x00007fbaac0034c0, length=28, elements={
0x00007fbb101bf800, 0x00007fbb101c3800, 0x00007fbb101d8000, 0x00007fbb101da000,
0x00007fbb101dc800, 0x00007fbb101de800, 0x00007fbb101e0800, 0x00007fbb102ac000,
0x00007fbb1030b800, 0x00007fbb1030f800, 0x00007fbb1108a800, 0x00007fba985be800,
0x00007fbb1108d800, 0x00007fbb11154000, 0x00007fbb11134800, 0x00007fbb11155000,
0x00007fbb11156800, 0x00007fbb1115b000, 0x00007fbb1115d000, 0x00007fbb1115f000,
0x00007fbb11161000, 0x00007fbb11163000, 0x00007fbb11165000, 0x00007fbb11167000,
0x00007fbb1116c000, 0x00007fbb11171800, 0x00007fbb11175000, 0x00007fbb10019000
}

Java Threads: ( => current thread )
  0x00007fbb101bf800 JavaThread "Reference Handler" daemon [_thread_blocked, id=6181, stack(0x00007fbaec8fb000,0x00007fbaec9fc000)]
  0x00007fbb101c3800 JavaThread "Finalizer" daemon [_thread_blocked, id=6182, stack(0x00007fbaec7fa000,0x00007fbaec8fb000)]
=>0x00007fbb101d8000 JavaThread "Signal Dispatcher" daemon [_thread_in_vm, id=6183, stack(0x00007fbaec6f9000,0x00007fbaec7fa000)]
  0x00007fbb101da000 JavaThread "Service Thread" daemon [_thread_blocked, id=6184, stack(0x00007fbaec5f8000,0x00007fbaec6f9000)]
  0x00007fbb101dc800 JavaThread "C2 CompilerThread0" daemon [_thread_blocked, id=6185, stack(0x00007fbaec4f7000,0x00007fbaec5f8000)]
  0x00007fbb101de800 JavaThread "C1 CompilerThread0" daemon [_thread_blocked, id=6186, stack(0x00007fbaec3f6000,0x00007fbaec4f7000)]
  0x00007fbb101e0800 JavaThread "Sweeper thread" daemon [_thread_blocked, id=6187, stack(0x00007fbaec2f5000,0x00007fbaec3f6000)]
  0x00007fbb102ac000 JavaThread "Common-Cleaner" daemon [_thread_blocked, id=6188, stack(0x00007fbaec1f4000,0x00007fbaec2f5000)]
  0x00007fbb1030b800 JavaThread "JDWP Transport Listener: dt_socket" daemon [_thread_in_native, id=6190, stack(0x00007fbaec0f3000,0x00007fbaec1f4000)]
  0x00007fbb1030f800 JavaThread "JDWP Event Helper Thread" daemon [_thread_blocked, id=6191, stack(0x00007fbacf121000,0x00007fbacf222000)]
  0x00007fbb1108a800 JavaThread "Catalina-utility-1" [_thread_blocked, id=6205, stack(0x00007fbace71b000,0x00007fbace81c000)]
  0x00007fba985be800 JavaThread "Catalina-utility-2" [_thread_blocked, id=6206, stack(0x00007fbacdb14000,0x00007fbacdc15000)]
  0x00007fbb1108d800 JavaThread "container-0" [_thread_blocked, id=6207, stack(0x00007fbacd813000,0x00007fbacd914000)]
  0x00007fbb11154000 JavaThread "NioBlockingSelector.BlockPoller-1" daemon [_thread_in_native, id=6214, stack(0x00007fbacc45e000,0x00007fbacc55f000)]
  0x00007fbb11134800 JavaThread "http-nio-8080-exec-1" daemon [_thread_blocked, id=6215, stack(0x00007fbacc35d000,0x00007fbacc45e000)]
  0x00007fbb11155000 JavaThread "http-nio-8080-exec-2" daemon [_thread_blocked, id=6216, stack(0x00007fbacc25c000,0x00007fbacc35d000)]
  0x00007fbb11156800 JavaThread "http-nio-8080-exec-3" daemon [_thread_blocked, id=6217, stack(0x00007fbacc15b000,0x00007fbacc25c000)]
  0x00007fbb1115b000 JavaThread "http-nio-8080-exec-4" daemon [_thread_blocked, id=6218, stack(0x00007fbacc05a000,0x00007fbacc15b000)]
  0x00007fbb1115d000 JavaThread "http-nio-8080-exec-5" daemon [_thread_blocked, id=6219, stack(0x00007fba67eff000,0x00007fba68000000)]
  0x00007fbb1115f000 JavaThread "http-nio-8080-exec-6" daemon [_thread_blocked, id=6220, stack(0x00007fba67dfe000,0x00007fba67eff000)]
  0x00007fbb11161000 JavaThread "http-nio-8080-exec-7" daemon [_thread_blocked, id=6221, stack(0x00007fba67cfd000,0x00007fba67dfe000)]
  0x00007fbb11163000 JavaThread "http-nio-8080-exec-8" daemon [_thread_blocked, id=6222, stack(0x00007fba67bfc000,0x00007fba67cfd000)]
  0x00007fbb11165000 JavaThread "http-nio-8080-exec-9" daemon [_thread_blocked, id=6223, stack(0x00007fba67afb000,0x00007fba67bfc000)]
  0x00007fbb11167000 JavaThread "http-nio-8080-exec-10" daemon [_thread_blocked, id=6224, stack(0x00007fba679fa000,0x00007fba67afb000)]
  0x00007fbb1116c000 JavaThread "http-nio-8080-ClientPoller-0" daemon [_thread_in_native, id=6225, stack(0x00007fba678f9000,0x00007fba679fa000)]
  0x00007fbb11171800 JavaThread "http-nio-8080-ClientPoller-1" daemon [_thread_in_native, id=6226, stack(0x00007fba677f8000,0x00007fba678f9000)]
  0x00007fbb11175000 JavaThread "http-nio-8080-Acceptor-0" daemon [_thread_in_native, id=6227, stack(0x00007fba676f7000,0x00007fba677f8000)]
  0x00007fbb10019000 JavaThread "DestroyJavaVM" [_thread_blocked, id=6174, stack(0x00007fbb14cb5000,0x00007fbb14db6000)]

Other Threads:
  0x00007fbb101b7000 VMThread "VM Thread" [stack: 0x00007fbaec9fe000,0x00007fbaecafe000] [id=6180]
  0x00007fbb10621000 WatcherThread [stack: 0x00007fbacef20000,0x00007fbacf020000] [id=6197]
  0x00007fbb10031000 GCTaskThread "GC Thread#0" [stack: 0x00007fbb1491c000,0x00007fbb14a1c000] [id=6175]
  0x00007fbadc001000 GCTaskThread "GC Thread#1" [stack: 0x00007fbacea1e000,0x00007fbaceb1e000] [id=6198]
  0x00007fbadc004000 GCTaskThread "GC Thread#2" [stack: 0x00007fbace01b000,0x00007fbace11b000] [id=6200]
  0x00007fbadc005800 GCTaskThread "GC Thread#3" [stack: 0x00007fbacdf19000,0x00007fbace019000] [id=6201]
  0x00007fbadc022800 GCTaskThread "GC Thread#4" [stack: 0x00007fbacca67000,0x00007fbaccb67000] [id=6210]
  0x00007fbadc023800 GCTaskThread "GC Thread#5" [stack: 0x00007fbacc965000,0x00007fbacca65000] [id=6211]
  0x00007fbadc025000 GCTaskThread "GC Thread#6" [stack: 0x00007fbacc863000,0x00007fbacc963000] [id=6212]
  0x00007fbadc027000 GCTaskThread "GC Thread#7" [stack: 0x00007fbacc761000,0x00007fbacc861000] [id=6213]
  0x00007fbb10062800 ConcurrentGCThread "G1 Main Marker" [stack: 0x00007fbaefe0e000,0x00007fbaeff0e000] [id=6176]
  0x00007fbb10064000 ConcurrentGCThread "G1 Conc#0" [stack: 0x00007fbaefd0c000,0x00007fbaefe0c000] [id=6177]
  0x00007fbae8001000 ConcurrentGCThread "G1 Conc#1" [stack: 0x00007fbacde17000,0x00007fbacdf17000] [id=6202]
  0x00007fbb100ed000 ConcurrentGCThread "G1 Refine#0" [stack: 0x00007fbaed402000,0x00007fbaed502000] [id=6178]
  0x00007fbb100ef000 ConcurrentGCThread "G1 Young RemSet Sampling" [stack: 0x00007fbaed300000,0x00007fbaed400000] [id=6179]

Threads with active compile tasks:

VM state:not at safepoint (normal execution)

VM Mutex/Monitor currently owned by a thread: None

Heap address: 0x0000000085c00000, size: 1956 MB, Compressed Oops mode: 32-bit
Narrow klass base: 0x0000000000000000, Narrow klass shift: 3
Compressed class space size: 1073741824 Address: 0x0000000100000000

Heap:
 garbage-first heap   total 152576K, used 49963K [0x0000000085c00000, 0x0000000100000000)
  region size 1024K, 44 young (45056K), 8 survivors (8192K)
 Metaspace       used 43667K, capacity 44696K, committed 45052K, reserved 1089536K
  class space    used 4989K, capacity 5381K, committed 5452K, reserved 1048576K
Heap Regions: E=young(eden), S=young(survivor), O=old, HS=humongous(starts), HC=humongous(continues), CS=collection set, F=free, A=archive, TAMS=top-at-mark-start (previous, next)
|   0|0x0000000085c00000, 0x0000000085d00000, 0x0000000085d00000|100%| O|  |TAMS 0x0000000085d00000, 0x0000000085c00000| Untracked 
|   1|0x0000000085d00000, 0x0000000085e00000, 0x0000000085e00000|100%| O|  |TAMS 0x0000000085e00000, 0x0000000085d00000| Untracked 
|   2|0x0000000085e00000, 0x0000000085f00000, 0x0000000085f00000|100%| O|  |TAMS 0x0000000085f00000, 0x0000000085e00000| Untracked 
|   3|0x0000000085f00000, 0x0000000086000000, 0x0000000086000000|100%| O|  |TAMS 0x0000000086000000, 0x0000000085f00000| Untracked 
|   4|0x0000000086000000, 0x0000000086100000, 0x0000000086100000|100%| O|  |TAMS 0x0000000086100000, 0x0000000086000000| Untracked 
|   5|0x0000000086100000, 0x00000000861f9400, 0x0000000086200000| 97%| O|  |TAMS 0x00000000861f9400, 0x0000000086100000| Untracked 
|   6|0x0000000086200000, 0x0000000086200000, 0x0000000086300000|  0%| F|  |TAMS 0x0000000086200000, 0x0000000086200000| Untracked 
|   7|0x0000000086300000, 0x0000000086300000, 0x0000000086400000|  0%| F|  |TAMS 0x0000000086300000, 0x0000000086300000| Untracked 
|   8|0x0000000086400000, 0x0000000086400000, 0x0000000086500000|  0%| F|  |TAMS 0x0000000086400000, 0x0000000086400000| Untracked 
|   9|0x0000000086500000, 0x0000000086500000, 0x0000000086600000|  0%| F|  |TAMS 0x0000000086500000, 0x0000000086500000| Untracked 
|  10|0x0000000086600000, 0x0000000086600000, 0x0000000086700000|  0%| F|  |TAMS 0x0000000086600000, 0x0000000086600000| Untracked 
|  11|0x0000000086700000, 0x0000000086700000, 0x0000000086800000|  0%| F|  |TAMS 0x0000000086700000, 0x0000000086700000| Untracked 
|  12|0x0000000086800000, 0x0000000086800000, 0x0000000086900000|  0%| F|  |TAMS 0x0000000086800000, 0x0000000086800000| Untracked 
|  13|0x0000000086900000, 0x0000000086900000, 0x0000000086a00000|  0%| F|  |TAMS 0x0000000086900000, 0x0000000086900000| Untracked 
|  14|0x0000000086a00000, 0x0000000086a00000, 0x0000000086b00000|  0%| F|  |TAMS 0x0000000086a00000, 0x0000000086a00000| Untracked 
|  15|0x0000000086b00000, 0x0000000086b00000, 0x0000000086c00000|  0%| F|  |TAMS 0x0000000086b00000, 0x0000000086b00000| Untracked 
|  16|0x0000000086c00000, 0x0000000086c00000, 0x0000000086d00000|  0%| F|  |TAMS 0x0000000086c00000, 0x0000000086c00000| Untracked 
|  17|0x0000000086d00000, 0x0000000086d00000, 0x0000000086e00000|  0%| F|  |TAMS 0x0000000086d00000, 0x0000000086d00000| Untracked 
|  18|0x0000000086e00000, 0x0000000086e00000, 0x0000000086f00000|  0%| F|  |TAMS 0x0000000086e00000, 0x0000000086e00000| Untracked 
|  19|0x0000000086f00000, 0x0000000086f00000, 0x0000000087000000|  0%| F|  |TAMS 0x0000000086f00000, 0x0000000086f00000| Untracked 
|  20|0x0000000087000000, 0x0000000087000000, 0x0000000087100000|  0%| F|  |TAMS 0x0000000087000000, 0x0000000087000000| Untracked 
|  21|0x0000000087100000, 0x0000000087100000, 0x0000000087200000|  0%| F|  |TAMS 0x0000000087100000, 0x0000000087100000| Untracked 
|  22|0x0000000087200000, 0x0000000087200000, 0x0000000087300000|  0%| F|  |TAMS 0x0000000087200000, 0x0000000087200000| Untracked 
|  23|0x0000000087300000, 0x0000000087300000, 0x0000000087400000|  0%| F|  |TAMS 0x0000000087300000, 0x0000000087300000| Untracked 
|  24|0x0000000087400000, 0x0000000087400000, 0x0000000087500000|  0%| F|  |TAMS 0x0000000087400000, 0x0000000087400000| Untracked 
|  25|0x0000000087500000, 0x0000000087500000, 0x0000000087600000|  0%| F|  |TAMS 0x0000000087500000, 0x0000000087500000| Untracked 
|  26|0x0000000087600000, 0x0000000087600000, 0x0000000087700000|  0%| F|  |TAMS 0x0000000087600000, 0x0000000087600000| Untracked 
|  27|0x0000000087700000, 0x0000000087700000, 0x0000000087800000|  0%| F|  |TAMS 0x0000000087700000, 0x0000000087700000| Untracked 
|  28|0x0000000087800000, 0x0000000087800000, 0x0000000087900000|  0%| F|  |TAMS 0x0000000087800000, 0x0000000087800000| Untracked 
|  29|0x0000000087900000, 0x0000000087900000, 0x0000000087a00000|  0%| F|  |TAMS 0x0000000087900000, 0x0000000087900000| Untracked 
|  30|0x0000000087a00000, 0x0000000087a00000, 0x0000000087b00000|  0%| F|  |TAMS 0x0000000087a00000, 0x0000000087a00000| Untracked 
|  31|0x0000000087b00000, 0x0000000087b00000, 0x0000000087c00000|  0%| F|  |TAMS 0x0000000087b00000, 0x0000000087b00000| Untracked 
|  32|0x0000000087c00000, 0x0000000087c00000, 0x0000000087d00000|  0%| F|  |TAMS 0x0000000087c00000, 0x0000000087c00000| Untracked 
|  33|0x0000000087d00000, 0x0000000087d00000, 0x0000000087e00000|  0%| F|  |TAMS 0x0000000087d00000, 0x0000000087d00000| Untracked 
|  34|0x0000000087e00000, 0x0000000087e00000, 0x0000000087f00000|  0%| F|  |TAMS 0x0000000087e00000, 0x0000000087e00000| Untracked 
|  35|0x0000000087f00000, 0x0000000087f00000, 0x0000000088000000|  0%| F|  |TAMS 0x0000000087f00000, 0x0000000087f00000| Untracked 
|  36|0x0000000088000000, 0x0000000088000000, 0x0000000088100000|  0%| F|  |TAMS 0x0000000088000000, 0x0000000088000000| Untracked 
|  37|0x0000000088100000, 0x0000000088100000, 0x0000000088200000|  0%| F|  |TAMS 0x0000000088100000, 0x0000000088100000| Untracked 
|  38|0x0000000088200000, 0x0000000088200000, 0x0000000088300000|  0%| F|  |TAMS 0x0000000088200000, 0x0000000088200000| Untracked 
|  39|0x0000000088300000, 0x0000000088300000, 0x0000000088400000|  0%| F|  |TAMS 0x0000000088300000, 0x0000000088300000| Untracked 
|  40|0x0000000088400000, 0x0000000088400000, 0x0000000088500000|  0%| F|  |TAMS 0x0000000088400000, 0x0000000088400000| Untracked 
|  41|0x0000000088500000, 0x0000000088500000, 0x0000000088600000|  0%| F|  |TAMS 0x0000000088500000, 0x0000000088500000| Untracked 
|  42|0x0000000088600000, 0x0000000088600000, 0x0000000088700000|  0%| F|  |TAMS 0x0000000088600000, 0x0000000088600000| Untracked 
|  43|0x0000000088700000, 0x0000000088700000, 0x0000000088800000|  0%| F|  |TAMS 0x0000000088700000, 0x0000000088700000| Untracked 
|  44|0x0000000088800000, 0x0000000088800000, 0x0000000088900000|  0%| F|  |TAMS 0x0000000088800000, 0x0000000088800000| Untracked 
|  45|0x0000000088900000, 0x0000000088900000, 0x0000000088a00000|  0%| F|  |TAMS 0x0000000088900000, 0x0000000088900000| Untracked 
|  46|0x0000000088a00000, 0x0000000088a00000, 0x0000000088b00000|  0%| F|  |TAMS 0x0000000088a00000, 0x0000000088a00000| Untracked 
|  47|0x0000000088b00000, 0x0000000088b00000, 0x0000000088c00000|  0%| F|  |TAMS 0x0000000088b00000, 0x0000000088b00000| Untracked 
|  48|0x0000000088c00000, 0x0000000088c00000, 0x0000000088d00000|  0%| F|  |TAMS 0x0000000088c00000, 0x0000000088c00000| Untracked 
|  49|0x0000000088d00000, 0x0000000088d00000, 0x0000000088e00000|  0%| F|  |TAMS 0x0000000088d00000, 0x0000000088d00000| Untracked 
|  50|0x0000000088e00000, 0x0000000088e00000, 0x0000000088f00000|  0%| F|  |TAMS 0x0000000088e00000, 0x0000000088e00000| Untracked 
|  51|0x0000000088f00000, 0x0000000088f00000, 0x0000000089000000|  0%| F|  |TAMS 0x0000000088f00000, 0x0000000088f00000| Untracked 
|  52|0x0000000089000000, 0x0000000089000000, 0x0000000089100000|  0%| F|  |TAMS 0x0000000089000000, 0x0000000089000000| Untracked 
|  53|0x0000000089100000, 0x0000000089100000, 0x0000000089200000|  0%| F|  |TAMS 0x0000000089100000, 0x0000000089100000| Untracked 
|  54|0x0000000089200000, 0x0000000089200000, 0x0000000089300000|  0%| F|  |TAMS 0x0000000089200000, 0x0000000089200000| Untracked 
|  55|0x0000000089300000, 0x0000000089300000, 0x0000000089400000|  0%| F|  |TAMS 0x0000000089300000, 0x0000000089300000| Untracked 
|  56|0x0000000089400000, 0x0000000089400000, 0x0000000089500000|  0%| F|  |TAMS 0x0000000089400000, 0x0000000089400000| Untracked 
|  57|0x0000000089500000, 0x0000000089500000, 0x0000000089600000|  0%| F|  |TAMS 0x0000000089500000, 0x0000000089500000| Untracked 
|  58|0x0000000089600000, 0x0000000089600000, 0x0000000089700000|  0%| F|  |TAMS 0x0000000089600000, 0x0000000089600000| Untracked 
|  59|0x0000000089700000, 0x0000000089700000, 0x0000000089800000|  0%| F|  |TAMS 0x0000000089700000, 0x0000000089700000| Untracked 
|  60|0x0000000089800000, 0x0000000089800000, 0x0000000089900000|  0%| F|  |TAMS 0x0000000089800000, 0x0000000089800000| Untracked 
|  61|0x0000000089900000, 0x0000000089900000, 0x0000000089a00000|  0%| F|  |TAMS 0x0000000089900000, 0x0000000089900000| Untracked 
|  62|0x0000000089a00000, 0x0000000089ad1ba0, 0x0000000089b00000| 81%| S|CS|TAMS 0x0000000089a00000, 0x0000000089a00000| Complete 
|  63|0x0000000089b00000, 0x0000000089c00000, 0x0000000089c00000|100%| S|CS|TAMS 0x0000000089b00000, 0x0000000089b00000| Complete 
|  64|0x0000000089c00000, 0x0000000089d00000, 0x0000000089d00000|100%| S|CS|TAMS 0x0000000089c00000, 0x0000000089c00000| Complete 
|  65|0x0000000089d00000, 0x0000000089e00000, 0x0000000089e00000|100%| S|CS|TAMS 0x0000000089d00000, 0x0000000089d00000| Complete 
|  66|0x0000000089e00000, 0x0000000089f00000, 0x0000000089f00000|100%| S|CS|TAMS 0x0000000089e00000, 0x0000000089e00000| Complete 
|  67|0x0000000089f00000, 0x000000008a000000, 0x000000008a000000|100%| S|CS|TAMS 0x0000000089f00000, 0x0000000089f00000| Complete 
|  68|0x000000008a000000, 0x000000008a100000, 0x000000008a100000|100%| S|CS|TAMS 0x000000008a000000, 0x000000008a000000| Complete 
|  69|0x000000008a100000, 0x000000008a200000, 0x000000008a200000|100%| S|CS|TAMS 0x000000008a100000, 0x000000008a100000| Complete 
|  70|0x000000008a200000, 0x000000008a200000, 0x000000008a300000|  0%| F|  |TAMS 0x000000008a200000, 0x000000008a200000| Untracked 
|  71|0x000000008a300000, 0x000000008a300000, 0x000000008a400000|  0%| F|  |TAMS 0x000000008a300000, 0x000000008a300000| Untracked 
|  72|0x000000008a400000, 0x000000008a400000, 0x000000008a500000|  0%| F|  |TAMS 0x000000008a400000, 0x000000008a400000| Untracked 
|  73|0x000000008a500000, 0x000000008a500000, 0x000000008a600000|  0%| F|  |TAMS 0x000000008a500000, 0x000000008a500000| Untracked 
|  74|0x000000008a600000, 0x000000008a600000, 0x000000008a700000|  0%| F|  |TAMS 0x000000008a600000, 0x000000008a600000| Untracked 
|  75|0x000000008a700000, 0x000000008a700000, 0x000000008a800000|  0%| F|  |TAMS 0x000000008a700000, 0x000000008a700000| Untracked 
|  76|0x000000008a800000, 0x000000008a800000, 0x000000008a900000|  0%| F|  |TAMS 0x000000008a800000, 0x000000008a800000| Untracked 
|  77|0x000000008a900000, 0x000000008a900000, 0x000000008aa00000|  0%| F|  |TAMS 0x000000008a900000, 0x000000008a900000| Untracked 
|  78|0x000000008aa00000, 0x000000008aa00000, 0x000000008ab00000|  0%| F|  |TAMS 0x000000008aa00000, 0x000000008aa00000| Untracked 
|  79|0x000000008ab00000, 0x000000008ab00000, 0x000000008ac00000|  0%| F|  |TAMS 0x000000008ab00000, 0x000000008ab00000| Untracked 
|  80|0x000000008ac00000, 0x000000008ac00000, 0x000000008ad00000|  0%| F|  |TAMS 0x000000008ac00000, 0x000000008ac00000| Untracked 
|  81|0x000000008ad00000, 0x000000008ad00000, 0x000000008ae00000|  0%| F|  |TAMS 0x000000008ad00000, 0x000000008ad00000| Untracked 
|  82|0x000000008ae00000, 0x000000008ae00000, 0x000000008af00000|  0%| F|  |TAMS 0x000000008ae00000, 0x000000008ae00000| Untracked 
|  83|0x000000008af00000, 0x000000008af00000, 0x000000008b000000|  0%| F|  |TAMS 0x000000008af00000, 0x000000008af00000| Untracked 
|  84|0x000000008b000000, 0x000000008b000000, 0x000000008b100000|  0%| F|  |TAMS 0x000000008b000000, 0x000000008b000000| Untracked 
|  85|0x000000008b100000, 0x000000008b100000, 0x000000008b200000|  0%| F|  |TAMS 0x000000008b100000, 0x000000008b100000| Untracked 
|  86|0x000000008b200000, 0x000000008b200000, 0x000000008b300000|  0%| F|  |TAMS 0x000000008b200000, 0x000000008b200000| Untracked 
|  87|0x000000008b300000, 0x000000008b300000, 0x000000008b400000|  0%| F|  |TAMS 0x000000008b300000, 0x000000008b300000| Untracked 
|  88|0x000000008b400000, 0x000000008b400000, 0x000000008b500000|  0%| F|  |TAMS 0x000000008b400000, 0x000000008b400000| Untracked 
|  89|0x000000008b500000, 0x000000008b500000, 0x000000008b600000|  0%| F|  |TAMS 0x000000008b500000, 0x000000008b500000| Untracked 
|  90|0x000000008b600000, 0x000000008b600000, 0x000000008b700000|  0%| F|  |TAMS 0x000000008b600000, 0x000000008b600000| Untracked 
|  91|0x000000008b700000, 0x000000008b700000, 0x000000008b800000|  0%| F|  |TAMS 0x000000008b700000, 0x000000008b700000| Untracked 
|  92|0x000000008b800000, 0x000000008b800000, 0x000000008b900000|  0%| F|  |TAMS 0x000000008b800000, 0x000000008b800000| Untracked 
|  93|0x000000008b900000, 0x000000008b900000, 0x000000008ba00000|  0%| F|  |TAMS 0x000000008b900000, 0x000000008b900000| Untracked 
|  94|0x000000008ba00000, 0x000000008ba00000, 0x000000008bb00000|  0%| F|  |TAMS 0x000000008ba00000, 0x000000008ba00000| Untracked 
|  95|0x000000008bb00000, 0x000000008bb00000, 0x000000008bc00000|  0%| F|  |TAMS 0x000000008bb00000, 0x000000008bb00000| Untracked 
|  96|0x000000008bc00000, 0x000000008bc00000, 0x000000008bd00000|  0%| F|  |TAMS 0x000000008bc00000, 0x000000008bc00000| Untracked 
|  97|0x000000008bd00000, 0x000000008bd00000, 0x000000008be00000|  0%| F|  |TAMS 0x000000008bd00000, 0x000000008bd00000| Untracked 
|  98|0x000000008be00000, 0x000000008be00000, 0x000000008bf00000|  0%| F|  |TAMS 0x000000008be00000, 0x000000008be00000| Untracked 
|  99|0x000000008bf00000, 0x000000008bf00000, 0x000000008c000000|  0%| F|  |TAMS 0x000000008bf00000, 0x000000008bf00000| Untracked 
| 100|0x000000008c000000, 0x000000008c000000, 0x000000008c100000|  0%| F|  |TAMS 0x000000008c000000, 0x000000008c000000| Untracked 
| 101|0x000000008c100000, 0x000000008c100000, 0x000000008c200000|  0%| F|  |TAMS 0x000000008c100000, 0x000000008c100000| Untracked 
| 102|0x000000008c200000, 0x000000008c200000, 0x000000008c300000|  0%| F|  |TAMS 0x000000008c200000, 0x000000008c200000| Untracked 
| 103|0x000000008c300000, 0x000000008c300000, 0x000000008c400000|  0%| F|  |TAMS 0x000000008c300000, 0x000000008c300000| Untracked 
| 104|0x000000008c400000, 0x000000008c400000, 0x000000008c500000|  0%| F|  |TAMS 0x000000008c400000, 0x000000008c400000| Untracked 
| 105|0x000000008c500000, 0x000000008c500000, 0x000000008c600000|  0%| F|  |TAMS 0x000000008c500000, 0x000000008c500000| Untracked 
| 106|0x000000008c600000, 0x000000008c600000, 0x000000008c700000|  0%| F|  |TAMS 0x000000008c600000, 0x000000008c600000| Untracked 
| 107|0x000000008c700000, 0x000000008c700000, 0x000000008c800000|  0%| F|  |TAMS 0x000000008c700000, 0x000000008c700000| Untracked 
| 108|0x000000008c800000, 0x000000008c800000, 0x000000008c900000|  0%| F|  |TAMS 0x000000008c800000, 0x000000008c800000| Untracked 
| 109|0x000000008c900000, 0x000000008c900000, 0x000000008ca00000|  0%| F|  |TAMS 0x000000008c900000, 0x000000008c900000| Untracked 
| 110|0x000000008ca00000, 0x000000008ca00000, 0x000000008cb00000|  0%| F|  |TAMS 0x000000008ca00000, 0x000000008ca00000| Untracked 
| 111|0x000000008cb00000, 0x000000008cb00000, 0x000000008cc00000|  0%| F|  |TAMS 0x000000008cb00000, 0x000000008cb00000| Untracked 
| 112|0x000000008cc00000, 0x000000008cc00000, 0x000000008cd00000|  0%| F|  |TAMS 0x000000008cc00000, 0x000000008cc00000| Untracked 
| 113|0x000000008cd00000, 0x000000008ce00000, 0x000000008ce00000|100%| E|  |TAMS 0x000000008cd00000, 0x000000008cd00000| Complete 
| 114|0x000000008ce00000, 0x000000008cf00000, 0x000000008cf00000|100%| E|CS|TAMS 0x000000008ce00000, 0x000000008ce00000| Complete 
| 115|0x000000008cf00000, 0x000000008d000000, 0x000000008d000000|100%| E|CS|TAMS 0x000000008cf00000, 0x000000008cf00000| Complete 
| 116|0x000000008d000000, 0x000000008d100000, 0x000000008d100000|100%| E|CS|TAMS 0x000000008d000000, 0x000000008d000000| Complete 
| 117|0x000000008d100000, 0x000000008d200000, 0x000000008d200000|100%| E|CS|TAMS 0x000000008d100000, 0x000000008d100000| Complete 
| 118|0x000000008d200000, 0x000000008d300000, 0x000000008d300000|100%| E|CS|TAMS 0x000000008d200000, 0x000000008d200000| Complete 
| 119|0x000000008d300000, 0x000000008d400000, 0x000000008d400000|100%| E|CS|TAMS 0x000000008d300000, 0x000000008d300000| Complete 
| 120|0x000000008d400000, 0x000000008d500000, 0x000000008d500000|100%| E|CS|TAMS 0x000000008d400000, 0x000000008d400000| Complete 
| 121|0x000000008d500000, 0x000000008d600000, 0x000000008d600000|100%| E|CS|TAMS 0x000000008d500000, 0x000000008d500000| Complete 
| 122|0x000000008d600000, 0x000000008d700000, 0x000000008d700000|100%| E|CS|TAMS 0x000000008d600000, 0x000000008d600000| Complete 
| 123|0x000000008d700000, 0x000000008d800000, 0x000000008d800000|100%| E|CS|TAMS 0x000000008d700000, 0x000000008d700000| Complete 
| 124|0x000000008d800000, 0x000000008d900000, 0x000000008d900000|100%| E|CS|TAMS 0x000000008d800000, 0x000000008d800000| Complete 
| 125|0x000000008d900000, 0x000000008da00000, 0x000000008da00000|100%| E|CS|TAMS 0x000000008d900000, 0x000000008d900000| Complete 
| 126|0x000000008da00000, 0x000000008db00000, 0x000000008db00000|100%| E|CS|TAMS 0x000000008da00000, 0x000000008da00000| Complete 
| 127|0x000000008db00000, 0x000000008dc00000, 0x000000008dc00000|100%| E|CS|TAMS 0x000000008db00000, 0x000000008db00000| Complete 
| 128|0x000000008dc00000, 0x000000008dd00000, 0x000000008dd00000|100%| E|CS|TAMS 0x000000008dc00000, 0x000000008dc00000| Complete 
| 129|0x000000008dd00000, 0x000000008de00000, 0x000000008de00000|100%| E|CS|TAMS 0x000000008dd00000, 0x000000008dd00000| Complete 
| 130|0x000000008de00000, 0x000000008df00000, 0x000000008df00000|100%| E|CS|TAMS 0x000000008de00000, 0x000000008de00000| Complete 
| 131|0x000000008df00000, 0x000000008e000000, 0x000000008e000000|100%| E|CS|TAMS 0x000000008df00000, 0x000000008df00000| Complete 
| 132|0x000000008e000000, 0x000000008e100000, 0x000000008e100000|100%| E|CS|TAMS 0x000000008e000000, 0x000000008e000000| Complete 
| 133|0x000000008e100000, 0x000000008e200000, 0x000000008e200000|100%| E|CS|TAMS 0x000000008e100000, 0x000000008e100000| Complete 
| 134|0x000000008e200000, 0x000000008e300000, 0x000000008e300000|100%| E|CS|TAMS 0x000000008e200000, 0x000000008e200000| Complete 
| 135|0x000000008e300000, 0x000000008e400000, 0x000000008e400000|100%| E|CS|TAMS 0x000000008e300000, 0x000000008e300000| Complete 
| 136|0x000000008e400000, 0x000000008e500000, 0x000000008e500000|100%| E|CS|TAMS 0x000000008e400000, 0x000000008e400000| Complete 
| 137|0x000000008e500000, 0x000000008e600000, 0x000000008e600000|100%| E|CS|TAMS 0x000000008e500000, 0x000000008e500000| Complete 
| 138|0x000000008e600000, 0x000000008e700000, 0x000000008e700000|100%| E|CS|TAMS 0x000000008e600000, 0x000000008e600000| Complete 
| 139|0x000000008e700000, 0x000000008e800000, 0x000000008e800000|100%| E|CS|TAMS 0x000000008e700000, 0x000000008e700000| Complete 
| 140|0x000000008e800000, 0x000000008e900000, 0x000000008e900000|100%| E|CS|TAMS 0x000000008e800000, 0x000000008e800000| Complete 
| 141|0x000000008e900000, 0x000000008ea00000, 0x000000008ea00000|100%| E|CS|TAMS 0x000000008e900000, 0x000000008e900000| Complete 
| 142|0x000000008ea00000, 0x000000008eb00000, 0x000000008eb00000|100%| E|CS|TAMS 0x000000008ea00000, 0x000000008ea00000| Complete 
| 143|0x000000008eb00000, 0x000000008ec00000, 0x000000008ec00000|100%| E|CS|TAMS 0x000000008eb00000, 0x000000008eb00000| Complete 
| 144|0x000000008ec00000, 0x000000008ed00000, 0x000000008ed00000|100%| E|CS|TAMS 0x000000008ec00000, 0x000000008ec00000| Complete 
| 145|0x000000008ed00000, 0x000000008ee00000, 0x000000008ee00000|100%| E|CS|TAMS 0x000000008ed00000, 0x000000008ed00000| Complete 
| 146|0x000000008ee00000, 0x000000008ef00000, 0x000000008ef00000|100%| E|CS|TAMS 0x000000008ee00000, 0x000000008ee00000| Complete 
| 147|0x000000008ef00000, 0x000000008f000000, 0x000000008f000000|100%| E|CS|TAMS 0x000000008ef00000, 0x000000008ef00000| Complete 
| 148|0x000000008f000000, 0x000000008f100000, 0x000000008f100000|100%| E|CS|TAMS 0x000000008f000000, 0x000000008f000000| Complete 

Card table byte_map: [0x00007fbaf80d4000,0x00007fbaf84a6000] _byte_map_base: 0x00007fbaf7ca6000

Marking Bits (Prev, Next): (CMBitMap*) 0x00007fbb10059ba8, (CMBitMap*) 0x00007fbb10059be0
 Prev Bits: [0x00007fbaf1d9e000, 0x00007fbaf3c2e000)
 Next Bits: [0x00007fbaeff0e000, 0x00007fbaf1d9e000)

Polling page: 0x00007fbb14c71000

Metaspace:

Usage:
  Non-class:     38,39 MB capacity,    37,77 MB ( 98%) used,   513,28 KB (  1%) free+waste,   123,56 KB ( <1%) overhead. 
      Class:      5,25 MB capacity,     4,87 MB ( 93%) used,   336,05 KB (  6%) free+waste,    55,88 KB (  1%) overhead. 
       Both:     43,65 MB capacity,    42,64 MB ( 98%) used,   849,33 KB (  2%) free+waste,   179,44 KB ( <1%) overhead. 

Virtual space:
  Non-class space:       40,00 MB reserved,      38,67 MB ( 97%) committed 
      Class space:        1,00 GB reserved,       5,32 MB ( <1%) committed 
             Both:        1,04 GB reserved,      44,00 MB (  4%) committed 

Chunk freelists:
   Non-Class:  129,00 KB
       Class:  27,00 KB
        Both:  156,00 KB

MaxMetaspaceSize: unlimited
CompressedClassSpaceSize: 1,00 GB

CodeHeap 'non-profiled nmethods': size=120032Kb used=1455Kb max_used=1455Kb free=118576Kb
 bounds [0x00007fbb00340000, 0x00007fbb005b0000, 0x00007fbb07878000]
CodeHeap 'profiled nmethods': size=120028Kb used=7540Kb max_used=7540Kb free=112487Kb
 bounds [0x00007fbaf8e09000, 0x00007fbaf9569000, 0x00007fbb00340000]
CodeHeap 'non-nmethods': size=5700Kb used=1214Kb max_used=1293Kb free=4485Kb
 bounds [0x00007fbaf8878000, 0x00007fbaf8ae8000, 0x00007fbaf8e09000]
 total_blobs=4206 nmethods=3694 adapters=432
 compilation: enabled
              stopped_count=0, restarted_count=0
 full_count=0

Compilation events (20 events):
Event: 10,230 Thread 0x00007fbb101de800 nmethod 3785 0x00007fbaf9562010 code [0x00007fbaf95621e0, 0x00007fbaf9562380]
Event: 10,247 Thread 0x00007fbb101de800 3786       2       java.lang.ClassLoader::definePackage (84 bytes)
Event: 10,248 Thread 0x00007fbb101de800 nmethod 3786 0x00007fbaf9562490 code [0x00007fbaf95626e0, 0x00007fbaf9562e00]
Event: 10,249 Thread 0x00007fbb101de800 3787       2       java.lang.Character::isJavaIdentifierPart (9 bytes)
Event: 10,249 Thread 0x00007fbb101de800 nmethod 3787 0x00007fbaf9563290 code [0x00007fbaf9563460, 0x00007fbaf9563590]
Event: 10,249 Thread 0x00007fbb101de800 3788       2       java.lang.CharacterDataLatin1::isJavaIdentifierPart (20 bytes)
Event: 10,249 Thread 0x00007fbb101de800 nmethod 3788 0x00007fbaf9563690 code [0x00007fbaf9563840, 0x00007fbaf9563990]
Event: 10,251 Thread 0x00007fbb101de800 3789       2       org.springframework.core.MethodParameter::getParameterType (59 bytes)
Event: 10,252 Thread 0x00007fbb101de800 nmethod 3789 0x00007fbaf9563a90 code [0x00007fbaf9563c60, 0x00007fbaf9563ee0]
Event: 10,252 Thread 0x00007fbb101de800 3790       2       org.springframework.util.ClassUtils::getShortName (50 bytes)
Event: 10,253 Thread 0x00007fbb101de800 nmethod 3790 0x00007fbaf9564090 code [0x00007fbaf95642a0, 0x00007fbaf9564610]
Event: 12,227 Thread 0x00007fbb101dc800 nmethod 3726% 0x00007fbb00487f10 code [0x00007fbb004887a0, 0x00007fbb0049b218]
Event: 12,227 Thread 0x00007fbb101dc800 3741       4       java.util.Properties$LineReader::readLine (635 bytes)
Event: 12,269 Thread 0x00007fbb101dc800 nmethod 3741 0x00007fbb004a4890 code [0x00007fbb004a4ae0, 0x00007fbb004a6070]
Event: 12,269 Thread 0x00007fbb101dc800 3767       4       java.io.DataOutputStream::writeUTF (435 bytes)
Event: 12,317 Thread 0x00007fbb101dc800 nmethod 3767 0x00007fbb004a6d10 code [0x00007fbb004a6f80, 0x00007fbb004aa2a0]
Event: 24,428 Thread 0x00007fbb101de800 3792       3       java.lang.invoke.VarHandleGuards::guard_LLL_Z (70 bytes)
Event: 24,432 Thread 0x00007fbb101de800 nmethod 3792 0x00007fbaf9564910 code [0x00007fbaf9564bc0, 0x00007fbaf9565b00]
Event: 25,074 Thread 0x00007fbb101de800 3794       1       java.nio.channels.spi.AbstractSelector::cancelledKeys (5 bytes)
Event: 25,074 Thread 0x00007fbb101de800 nmethod 3794 0x00007fbb004ab990 code [0x00007fbb004abb40, 0x00007fbb004abbf0]

GC Heap History (12 events):
Event: 1,362 GC heap before
{Heap before GC invocations=0 (full 0):
 garbage-first heap   total 126976K, used 23552K [0x0000000085c00000, 0x0000000100000000)
  region size 1024K, 24 young (24576K), 0 survivors (0K)
 Metaspace       used 12397K, capacity 12573K, committed 12800K, reserved 1060864K
  class space    used 1143K, capacity 1212K, committed 1280K, reserved 1048576K
}
Event: 1,368 GC heap after
{Heap after GC invocations=1 (full 0):
 garbage-first heap   total 126976K, used 4389K [0x0000000085c00000, 0x0000000100000000)
  region size 1024K, 3 young (3072K), 3 survivors (3072K)
 Metaspace       used 12397K, capacity 12573K, committed 12800K, reserved 1060864K
  class space    used 1143K, capacity 1212K, committed 1280K, reserved 1048576K
}
Event: 1,794 GC heap before
{Heap before GC invocations=1 (full 0):
 garbage-first heap   total 126976K, used 71973K [0x0000000085c00000, 0x0000000100000000)
  region size 1024K, 71 young (72704K), 3 survivors (3072K)
 Metaspace       used 20627K, capacity 21006K, committed 21296K, reserved 1069056K
  class space    used 2262K, capacity 2407K, committed 2432K, reserved 1048576K
}
Event: 1,800 GC heap after
{Heap after GC invocations=2 (full 0):
 garbage-first heap   total 126976K, used 6437K [0x0000000085c00000, 0x0000000100000000)
  region size 1024K, 5 young (5120K), 5 survivors (5120K)
 Metaspace       used 20627K, capacity 21006K, committed 21296K, reserved 1069056K
  class space    used 2262K, capacity 2407K, committed 2432K, reserved 1048576K
}
Event: 2,117 GC heap before
{Heap before GC invocations=3 (full 0):
 garbage-first heap   total 126976K, used 75045K [0x0000000085c00000, 0x0000000100000000)
  region size 1024K, 72 young (73728K), 5 survivors (5120K)
 Metaspace       used 26640K, capacity 27112K, committed 27568K, reserved 1073152K
  class space    used 2987K, capacity 3209K, committed 3328K, reserved 1048576K
}
Event: 2,126 GC heap after
{Heap after GC invocations=4 (full 0):
 garbage-first heap   total 126976K, used 7508K [0x0000000085c00000, 0x0000000100000000)
  region size 1024K, 3 young (3072K), 3 survivors (3072K)
 Metaspace       used 26640K, capacity 27112K, committed 27568K, reserved 1073152K
  class space    used 2987K, capacity 3209K, committed 3328K, reserved 1048576K
}
Event: 2,882 GC heap before
{Heap before GC invocations=4 (full 0):
 garbage-first heap   total 126976K, used 79188K [0x0000000085c00000, 0x0000000100000000)
  region size 1024K, 74 young (75776K), 3 survivors (3072K)
 Metaspace       used 33538K, capacity 34285K, committed 34608K, reserved 1079296K
  class space    used 3805K, capacity 4121K, committed 4224K, reserved 1048576K
}
Event: 2,891 GC heap after
{Heap after GC invocations=5 (full 0):
 garbage-first heap   total 126976K, used 10480K [0x0000000085c00000, 0x0000000100000000)
  region size 1024K, 6 young (6144K), 6 survivors (6144K)
 Metaspace       used 33538K, capacity 34285K, committed 34608K, reserved 1079296K
  class space    used 3805K, capacity 4121K, committed 4224K, reserved 1048576K
}
Event: 3,049 GC heap before
{Heap before GC invocations=5 (full 0):
 garbage-first heap   total 126976K, used 25840K [0x0000000085c00000, 0x0000000100000000)
  region size 1024K, 22 young (22528K), 6 survivors (6144K)
 Metaspace       used 34808K, capacity 35524K, committed 35708K, reserved 1081344K
  class space    used 3949K, capacity 4234K, committed 4300K, reserved 1048576K
}
Event: 3,061 GC heap after
{Heap after GC invocations=6 (full 0):
 garbage-first heap   total 152576K, used 11197K [0x0000000085c00000, 0x0000000100000000)
  region size 1024K, 5 young (5120K), 5 survivors (5120K)
 Metaspace       used 34808K, capacity 35524K, committed 35708K, reserved 1081344K
  class space    used 3949K, capacity 4234K, committed 4300K, reserved 1048576K
}
Event: 4,191 GC heap before
{Heap before GC invocations=7 (full 0):
 garbage-first heap   total 152576K, used 86973K [0x0000000085c00000, 0x0000000100000000)
  region size 1024K, 79 young (80896K), 5 survivors (5120K)
 Metaspace       used 40350K, capacity 41293K, committed 41468K, reserved 1085440K
  class space    used 4585K, capacity 4932K, committed 4940K, reserved 1048576K
}
Event: 4,206 GC heap after
{Heap after GC invocations=8 (full 0):
 garbage-first heap   total 152576K, used 14123K [0x0000000085c00000, 0x0000000100000000)
  region size 1024K, 8 young (8192K), 8 survivors (8192K)
 Metaspace       used 40350K, capacity 41293K, committed 41468K, reserved 1085440K
  class space    used 4585K, capacity 4932K, committed 4940K, reserved 1048576K
}

Deoptimization events (20 events):
Event: 10,128 Thread 0x00007fbb11155000 DEOPT PACKING pc=0x00007fbaf935a1b4 sp=0x00007fbacc35a730
Event: 10,128 Thread 0x00007fbb11155000 DEOPT UNPACKING pc=0x00007fbaf88ae94a sp=0x00007fbacc359ca0 mode 1
Event: 10,128 Thread 0x00007fbb11155000 DEOPT PACKING pc=0x00007fbaf94ec0c4 sp=0x00007fbacc35a830
Event: 10,128 Thread 0x00007fbb11155000 DEOPT UNPACKING pc=0x00007fbaf88ae94a sp=0x00007fbacc359f38 mode 1
Event: 10,141 Thread 0x00007fbb11155000 DEOPT PACKING pc=0x00007fbaf8fcf884 sp=0x00007fbacc359550
Event: 10,141 Thread 0x00007fbb11155000 DEOPT UNPACKING pc=0x00007fbaf88ae94a sp=0x00007fbacc358a08 mode 1
Event: 10,141 Thread 0x00007fbb11155000 DEOPT PACKING pc=0x00007fbaf8f5bfd4 sp=0x00007fbacc359620
Event: 10,141 Thread 0x00007fbb11155000 DEOPT UNPACKING pc=0x00007fbaf88ae94a sp=0x00007fbacc358af8 mode 1
Event: 10,141 Thread 0x00007fbb11155000 DEOPT PACKING pc=0x00007fbaf902d93c sp=0x00007fbacc359dc0
Event: 10,141 Thread 0x00007fbb11155000 DEOPT UNPACKING pc=0x00007fbaf88ae94a sp=0x00007fbacc3592b8 mode 1
Event: 10,141 Thread 0x00007fbb11155000 DEOPT PACKING pc=0x00007fbaf9330bac sp=0x00007fbacc359e60
Event: 10,141 Thread 0x00007fbb11155000 DEOPT UNPACKING pc=0x00007fbaf88ae94a sp=0x00007fbacc359418 mode 1
Event: 10,141 Thread 0x00007fbb11155000 DEOPT PACKING pc=0x00007fbaf8fcf884 sp=0x00007fbacc359600
Event: 10,141 Thread 0x00007fbb11155000 DEOPT UNPACKING pc=0x00007fbaf88ae94a sp=0x00007fbacc358ab8 mode 1
Event: 10,141 Thread 0x00007fbb11155000 DEOPT PACKING pc=0x00007fbaf8f5bfd4 sp=0x00007fbacc3596d0
Event: 10,141 Thread 0x00007fbb11155000 DEOPT UNPACKING pc=0x00007fbaf88ae94a sp=0x00007fbacc358ba8 mode 1
Event: 10,141 Thread 0x00007fbb11155000 DEOPT PACKING pc=0x00007fbaf902d93c sp=0x00007fbacc359e70
Event: 10,141 Thread 0x00007fbb11155000 DEOPT UNPACKING pc=0x00007fbaf88ae94a sp=0x00007fbacc359380 mode 1
Event: 10,191 Thread 0x00007fbb11155000 DEOPT PACKING pc=0x00007fbaf8ee9a8c sp=0x00007fbacc358460
Event: 10,191 Thread 0x00007fbb11155000 DEOPT UNPACKING pc=0x00007fbaf88ae94a sp=0x00007fbacc3579c8 mode 0

Classes redefined (0 events):
No events

Internal exceptions (20 events):
Event: 3,599 Thread 0x00007fbb10019000 Exception <a 'java/io/FileNotFoundException'{0x000000008caaebf8}> (0x000000008caaebf8) thrown at [src/hotspot/share/prims/jni.cpp, line 615]
Event: 3,628 Thread 0x00007fbb10019000 Exception <a 'java/lang/NoSuchMethodError'{0x000000008c215800}: 'int java.lang.invoke.DirectMethodHandle$Holder.invokeInterface(java.lang.Object, java.lang.Object, java.lang.Object, java.lang.Object)'> (0x000000008c215800) thrown at [src/hotspot/share/interpreter/linkResolver.cpp, line 772]
Event: 3,702 Thread 0x00007fbb10019000 Exception <a 'java/io/FileNotFoundException'{0x000000008be74ca0}> (0x000000008be74ca0) thrown at [src/hotspot/share/prims/jni.cpp, line 615]
Event: 3,790 Thread 0x00007fbb10019000 Exception <a 'java/lang/NoSuchMethodError'{0x000000008ba15ac0}: 'java.lang.Object java.lang.invoke.DirectMethodHandle$Holder.invokeInterface(java.lang.Object, java.lang.Object, java.lang.Object, java.lang.Object)'> (0x000000008ba15ac0) thrown at [src/hotspot/share/interpreter/linkResolver.cpp, line 772]
Event: 3,848 Thread 0x00007fbb10019000 Exception <a 'java/lang/NoSuchMethodError'{0x000000008b878cf0}: 'java.lang.Object java.lang.invoke.DirectMethodHandle$Holder.invokeInterface(java.lang.Object, java.lang.Object, java.lang.Object)'> (0x000000008b878cf0) thrown at [src/hotspot/share/interpreter/linkResolver.cpp, line 772]
Event: 3,877 Thread 0x00007fbb10019000 Exception <a 'java/lang/ClassNotFoundException'{0x000000008b604138}: java/lang/ObjectCustomizer> (0x000000008b604138) thrown at [src/hotspot/share/classfile/systemDictionary.cpp, line 231]
Event: 3,879 Thread 0x00007fbb10019000 Exception <a 'java/lang/ClassNotFoundException'{0x000000008b611660}: org/springframework/web/servlet/config/annotation/WebMvcConfigurationSupportCustomizer> (0x000000008b611660) thrown at [src/hotspot/share/classfile/systemDictionary.cpp, line 231]
Event: 3,882 Thread 0x00007fbb10019000 Exception <a 'java/lang/ClassNotFoundException'{0x000000008b626588}: org/springframework/web/servlet/config/annotation/DelegatingWebMvcConfigurationCustomizer> (0x000000008b626588) thrown at [src/hotspot/share/classfile/systemDictionary.cpp, line 231]
Event: 3,883 Thread 0x00007fbb10019000 Exception <a 'java/lang/ClassNotFoundException'{0x000000008b6368f0}: org/springframework/boot/autoconfigure/web/servlet/WebMvcAutoConfiguration$EnableWebMvcConfigurationCustomizer> (0x000000008b6368f0) thrown at [src/hotspot/share/classfile/systemDictionary.cpp, line 231]
Event: 3,885 Thread 0x00007fbb10019000 Exception <a 'java/lang/ClassNotFoundException'{0x000000008b64a8e8}: org/springframework/boot/autoconfigure/web/servlet/WebMvcAutoConfiguration$EnableWebMvcConfiguration$$EnhancerBySpringCGLIB$$e34805f2Customizer> (0x000000008b64a8e8) thrown at [src/hotspot/share/classfile/systemDictionary.cpp, line 231]
Event: 3,887 Thread 0x00007fbb10019000 Exception <a 'java/lang/ClassNotFoundException'{0x000000008b66b990}: org/springframework/context/annotation/ConfigurationClassEnhancer$EnhancedConfigurationCustomizer> (0x000000008b66b990) thrown at [src/hotspot/share/classfile/systemDictionary.cpp, line 231]
Event: 3,888 Thread 0x00007fbb10019000 Exception <a 'java/lang/ClassNotFoundException'{0x000000008b6744a0}: org/springframework/beans/factory/BeanFactoryAwareCustomizer> (0x000000008b6744a0) thrown at [src/hotspot/share/classfile/systemDictionary.cpp, line 231]
Event: 3,888 Thread 0x00007fbb10019000 Exception <a 'java/lang/ClassNotFoundException'{0x000000008b67d638}: org/springframework/beans/factory/AwareCustomizer> (0x000000008b67d638) thrown at [src/hotspot/share/classfile/systemDictionary.cpp, line 231]
Event: 3,889 Thread 0x00007fbb10019000 Exception <a 'java/lang/ClassNotFoundException'{0x000000008b686200}: org/springframework/context/ApplicationContextAwareCustomizer> (0x000000008b686200) thrown at [src/hotspot/share/classfile/systemDictionary.cpp, line 231]
Event: 3,890 Thread 0x00007fbb10019000 Exception <a 'java/lang/ClassNotFoundException'{0x000000008b68f3a0}: org/springframework/beans/factory/AwareCustomizer> (0x000000008b68f3a0) thrown at [src/hotspot/share/classfile/systemDictionary.cpp, line 231]
Event: 3,891 Thread 0x00007fbb10019000 Exception <a 'java/lang/ClassNotFoundException'{0x000000008b697cf0}: org/springframework/web/context/ServletContextAwareCustomizer> (0x000000008b697cf0) thrown at [src/hotspot/share/classfile/systemDictionary.cpp, line 231]
Event: 3,892 Thread 0x00007fbb10019000 Exception <a 'java/lang/ClassNotFoundException'{0x000000008b6a0968}: org/springframework/beans/factory/AwareCustomizer> (0x000000008b6a0968) thrown at [src/hotspot/share/classfile/systemDictionary.cpp, line 231]
Event: 4,067 Thread 0x00007fbb10019000 Exception <a 'java/lang/NoSuchMethodError'{0x000000008abc0020}: 'void java.lang.invoke.DirectMethodHandle$Holder.invokeVirtual(java.lang.Object, java.lang.Object, int)'> (0x000000008abc0020) thrown at [src/hotspot/share/interpreter/linkResolver.cpp, line 772]
Event: 4,427 Thread 0x00007fbb10019000 Exception <a 'java/lang/NoSuchMethodError'{0x000000008e589630}: 'void java.lang.invoke.DirectMethodHandle$Holder.invokeSpecial(java.lang.Object, java.lang.Object)'> (0x000000008e589630) thrown at [src/hotspot/share/interpreter/linkResolver.cpp, line 772]
Event: 4,428 Thread 0x00007fbb10019000 Exception <a 'java/lang/NoSuchMethodError'{0x000000008e58f0d0}: 'java.lang.Object java.lang.invoke.DirectMethodHandle$Holder.newInvokeSpecial(java.lang.Object, int)'> (0x000000008e58f0d0) thrown at [src/hotspot/share/interpreter/linkResolver.cpp, line 772]

Events (20 events):
Event: 15,052 Executing VM operation: GetOrSetLocal
Event: 15,052 Executing VM operation: GetOrSetLocal done
Event: 15,541 Executing VM operation: GetFrameCount
Event: 15,541 Executing VM operation: GetFrameCount done
Event: 15,541 Executing VM operation: GetStackTrace
Event: 15,542 Executing VM operation: GetStackTrace done
Event: 15,553 Executing VM operation: GetFrameLocation
Event: 15,553 Executing VM operation: GetFrameLocation done
Event: 15,553 Executing VM operation: GetOrSetLocal
Event: 15,553 Executing VM operation: GetOrSetLocal done
Event: 20,643 Executing VM operation: GetFrameCount
Event: 20,643 Executing VM operation: GetFrameCount done
Event: 20,644 Executing VM operation: GetStackTrace
Event: 20,644 Executing VM operation: GetStackTrace done
Event: 20,659 Executing VM operation: GetFrameLocation
Event: 20,659 Executing VM operation: GetFrameLocation done
Event: 20,659 Executing VM operation: GetOrSetLocal
Event: 20,659 Executing VM operation: GetOrSetLocal done
Event: 26,272 Thread 0x00007fbab4001800 Thread exited: 0x00007fbab4001800
Event: 26,290 loading class jdk/internal/misc/Signal$1


Dynamic libraries:
85c00000-8f100000 rw-p 00000000 00:00 0 
8f100000-100000000 ---p 00000000 00:00 0 
100000000-100553000 rw-p 00000000 00:00 0 
100553000-140000000 ---p 00000000 00:00 0 
55bab9ae2000-55bab9ae3000 r--p 00000000 08:02 36046028                   /usr/lib/jvm/java-11-openjdk-amd64/bin/java
55bab9ae3000-55bab9ae4000 r-xp 00001000 08:02 36046028                   /usr/lib/jvm/java-11-openjdk-amd64/bin/java
55bab9ae4000-55bab9ae5000 r--p 00002000 08:02 36046028                   /usr/lib/jvm/java-11-openjdk-amd64/bin/java
55bab9ae5000-55bab9ae6000 r--p 00002000 08:02 36046028                   /usr/lib/jvm/java-11-openjdk-amd64/bin/java
55bab9ae6000-55bab9ae7000 rw-p 00003000 08:02 36046028                   /usr/lib/jvm/java-11-openjdk-amd64/bin/java
55bab9b26000-55bab9b47000 rw-p 00000000 00:00 0                          [heap]
7fba3c000000-7fba3c021000 rw-p 00000000 00:00 0 
7fba3c021000-7fba40000000 ---p 00000000 00:00 0 
7fba40000000-7fba40044000 rw-p 00000000 00:00 0 
7fba40044000-7fba44000000 ---p 00000000 00:00 0 
7fba44000000-7fba44021000 rw-p 00000000 00:00 0 
7fba44021000-7fba48000000 ---p 00000000 00:00 0 
7fba48000000-7fba48021000 rw-p 00000000 00:00 0 
7fba48021000-7fba4c000000 ---p 00000000 00:00 0 
7fba4c000000-7fba4c021000 rw-p 00000000 00:00 0 
7fba4c021000-7fba50000000 ---p 00000000 00:00 0 
7fba50000000-7fba50021000 rw-p 00000000 00:00 0 
7fba50021000-7fba54000000 ---p 00000000 00:00 0 
7fba54000000-7fba54021000 rw-p 00000000 00:00 0 
7fba54021000-7fba58000000 ---p 00000000 00:00 0 
7fba58000000-7fba58021000 rw-p 00000000 00:00 0 
7fba58021000-7fba5c000000 ---p 00000000 00:00 0 
7fba5c000000-7fba5c021000 rw-p 00000000 00:00 0 
7fba5c021000-7fba60000000 ---p 00000000 00:00 0 
7fba60000000-7fba60021000 rw-p 00000000 00:00 0 
7fba60021000-7fba64000000 ---p 00000000 00:00 0 
7fba674f7000-7fba675b7000 rw-p 00000000 00:00 0 
7fba675b7000-7fba676f7000 ---p 00000000 00:00 0 
7fba676f7000-7fba676fb000 ---p 00000000 00:00 0 
7fba676fb000-7fba677f8000 rw-p 00000000 00:00 0 
7fba677f8000-7fba677fc000 ---p 00000000 00:00 0 
7fba677fc000-7fba678f9000 rw-p 00000000 00:00 0 
7fba678f9000-7fba678fd000 ---p 00000000 00:00 0 
7fba678fd000-7fba679fa000 rw-p 00000000 00:00 0 
7fba679fa000-7fba679fe000 ---p 00000000 00:00 0 
7fba679fe000-7fba67afb000 rw-p 00000000 00:00 0 
7fba67afb000-7fba67aff000 ---p 00000000 00:00 0 
7fba67aff000-7fba67bfc000 rw-p 00000000 00:00 0 
7fba67bfc000-7fba67c00000 ---p 00000000 00:00 0 
7fba67c00000-7fba67cfd000 rw-p 00000000 00:00 0 
7fba67cfd000-7fba67d01000 ---p 00000000 00:00 0 
7fba67d01000-7fba67dfe000 rw-p 00000000 00:00 0 
7fba67dfe000-7fba67e02000 ---p 00000000 00:00 0 
7fba67e02000-7fba67eff000 rw-p 00000000 00:00 0 
7fba67eff000-7fba67f03000 ---p 00000000 00:00 0 
7fba67f03000-7fba68000000 rw-p 00000000 00:00 0 
7fba68000000-7fba682bc000 rw-p 00000000 00:00 0 
7fba682bc000-7fba6c000000 ---p 00000000 00:00 0 
7fba6c000000-7fba6c021000 rw-p 00000000 00:00 0 
7fba6c021000-7fba70000000 ---p 00000000 00:00 0 
7fba70000000-7fba70021000 rw-p 00000000 00:00 0 
7fba70021000-7fba74000000 ---p 00000000 00:00 0 
7fba74000000-7fba74021000 rw-p 00000000 00:00 0 
7fba74021000-7fba78000000 ---p 00000000 00:00 0 
7fba78000000-7fba78021000 rw-p 00000000 00:00 0 
7fba78021000-7fba7c000000 ---p 00000000 00:00 0 
7fba7c000000-7fba7c021000 rw-p 00000000 00:00 0 
7fba7c021000-7fba80000000 ---p 00000000 00:00 0 
7fba80000000-7fba80021000 rw-p 00000000 00:00 0 
7fba80021000-7fba84000000 ---p 00000000 00:00 0 
7fba84000000-7fba84021000 rw-p 00000000 00:00 0 
7fba84021000-7fba88000000 ---p 00000000 00:00 0 
7fba88000000-7fba88021000 rw-p 00000000 00:00 0 
7fba88021000-7fba8c000000 ---p 00000000 00:00 0 
7fba8c000000-7fba8c021000 rw-p 00000000 00:00 0 
7fba8c021000-7fba90000000 ---p 00000000 00:00 0 
7fba90000000-7fba9002a000 rw-p 00000000 00:00 0 
7fba9002a000-7fba94000000 ---p 00000000 00:00 0 
7fba94000000-7fba94021000 rw-p 00000000 00:00 0 
7fba94021000-7fba98000000 ---p 00000000 00:00 0 
7fba98000000-7fba985da000 rw-p 00000000 00:00 0 
7fba985da000-7fba9c000000 ---p 00000000 00:00 0 
7fba9c000000-7fba9c021000 rw-p 00000000 00:00 0 
7fba9c021000-7fbaa0000000 ---p 00000000 00:00 0 
7fbaa0000000-7fbaa0021000 rw-p 00000000 00:00 0 
7fbaa0021000-7fbaa4000000 ---p 00000000 00:00 0 
7fbaa4000000-7fbaa4021000 rw-p 00000000 00:00 0 
7fbaa4021000-7fbaa8000000 ---p 00000000 00:00 0 
7fbaa8000000-7fbaa8021000 rw-p 00000000 00:00 0 
7fbaa8021000-7fbaac000000 ---p 00000000 00:00 0 
7fbaac000000-7fbaac021000 rw-p 00000000 00:00 0 
7fbaac021000-7fbab0000000 ---p 00000000 00:00 0 
7fbab0000000-7fbab0021000 rw-p 00000000 00:00 0 
7fbab0021000-7fbab4000000 ---p 00000000 00:00 0 
7fbab4000000-7fbab4021000 rw-p 00000000 00:00 0 
7fbab4021000-7fbab8000000 ---p 00000000 00:00 0 
7fbab8000000-7fbab8c54000 rw-p 00000000 00:00 0 
7fbab8c54000-7fbabc000000 ---p 00000000 00:00 0 
7fbabc000000-7fbabc021000 rw-p 00000000 00:00 0 
7fbabc021000-7fbac0000000 ---p 00000000 00:00 0 
7fbac0000000-7fbac0021000 rw-p 00000000 00:00 0 
7fbac0021000-7fbac4000000 ---p 00000000 00:00 0 
7fbac4000000-7fbac8000000 rw-p 00000000 00:00 0 
7fbac8000000-7fbac8021000 rw-p 00000000 00:00 0 
7fbac8021000-7fbacc000000 ---p 00000000 00:00 0 
7fbacc05a000-7fbacc05e000 ---p 00000000 00:00 0 
7fbacc05e000-7fbacc15b000 rw-p 00000000 00:00 0 
7fbacc15b000-7fbacc15f000 ---p 00000000 00:00 0 
7fbacc15f000-7fbacc25c000 rw-p 00000000 00:00 0 
7fbacc25c000-7fbacc260000 ---p 00000000 00:00 0 
7fbacc260000-7fbacc35d000 rw-p 00000000 00:00 0 
7fbacc35d000-7fbacc361000 ---p 00000000 00:00 0 
7fbacc361000-7fbacc45e000 rw-p 00000000 00:00 0 
7fbacc45e000-7fbacc462000 ---p 00000000 00:00 0 
7fbacc462000-7fbacc75f000 rw-p 00000000 00:00 0 
7fbacc75f000-7fbacc760000 ---p 00000000 00:00 0 
7fbacc760000-7fbacc861000 rw-p 00000000 00:00 0 
7fbacc861000-7fbacc862000 ---p 00000000 00:00 0 
7fbacc862000-7fbacc963000 rw-p 00000000 00:00 0 
7fbacc963000-7fbacc964000 ---p 00000000 00:00 0 
7fbacc964000-7fbacca65000 rw-p 00000000 00:00 0 
7fbacca65000-7fbacca66000 ---p 00000000 00:00 0 
7fbacca66000-7fbaccd67000 rw-p 00000000 00:00 0 
7fbaccd67000-7fbaccf67000 rw-p 00000000 00:00 0 
7fbaccf67000-7fbacd167000 rw-p 00000000 00:00 0 
7fbacd167000-7fbacd367000 rw-p 00000000 00:00 0 
7fbacd367000-7fbacd567000 rw-p 00000000 00:00 0 
7fbacd567000-7fbacd767000 rw-p 00000000 00:00 0 
7fbacd813000-7fbacd817000 ---p 00000000 00:00 0 
7fbacd817000-7fbacdb14000 rw-p 00000000 00:00 0 
7fbacdb14000-7fbacdb18000 ---p 00000000 00:00 0 
7fbacdb18000-7fbacde15000 rw-p 00000000 00:00 0 
7fbacde15000-7fbacde16000 ---p 00000000 00:00 0 
7fbacde16000-7fbacdf17000 rw-p 00000000 00:00 0 
7fbacdf17000-7fbacdf18000 ---p 00000000 00:00 0 
7fbacdf18000-7fbace019000 rw-p 00000000 00:00 0 
7fbace019000-7fbace01a000 ---p 00000000 00:00 0 
7fbace01a000-7fbace307000 rw-p 00000000 00:00 0 
7fbace307000-7fbace31b000 ---p 00000000 00:00 0 
7fbace31b000-7fbace51b000 rw-p 00000000 00:00 0 
7fbace51b000-7fbace71b000 rw-p 00000000 00:00 0 
7fbace71b000-7fbace71f000 ---p 00000000 00:00 0 
7fbace71f000-7fbacea1c000 rw-p 00000000 00:00 0 
7fbacea1c000-7fbacea1d000 ---p 00000000 00:00 0 
7fbacea1d000-7fbaced1e000 rw-p 00000000 00:00 0 
7fbaced1e000-7fbacef1e000 rw-p 00000000 00:00 0 
7fbacef1e000-7fbacef1f000 ---p 00000000 00:00 0 
7fbacef1f000-7fbacf020000 rw-p 00000000 00:00 0 
7fbacf020000-7fbacf024000 ---p 00000000 00:00 0 
7fbacf024000-7fbacf121000 rw-p 00000000 00:00 0 
7fbacf121000-7fbacf125000 ---p 00000000 00:00 0 
7fbacf125000-7fbacf222000 rw-p 00000000 00:00 0 
7fbacf222000-7fbad0000000 r--p 00000000 08:02 35395974                   /usr/lib/locale/locale-archive
7fbad0000000-7fbad0021000 rw-p 00000000 00:00 0 
7fbad0021000-7fbad4000000 ---p 00000000 00:00 0 
7fbad4000000-7fbad4021000 rw-p 00000000 00:00 0 
7fbad4021000-7fbad8000000 ---p 00000000 00:00 0 
7fbad8000000-7fbad8021000 rw-p 00000000 00:00 0 
7fbad8021000-7fbadc000000 ---p 00000000 00:00 0 
7fbadc000000-7fbadc0e2000 rw-p 00000000 00:00 0 
7fbadc0e2000-7fbae0000000 ---p 00000000 00:00 0 
7fbae0000000-7fbae0021000 rw-p 00000000 00:00 0 
7fbae0021000-7fbae4000000 ---p 00000000 00:00 0 
7fbae4000000-7fbae4021000 rw-p 00000000 00:00 0 
7fbae4021000-7fbae8000000 ---p 00000000 00:00 0 
7fbae8000000-7fbae8021000 rw-p 00000000 00:00 0 
7fbae8021000-7fbaec000000 ---p 00000000 00:00 0 
7fbaec0cd000-7fbaec0f3000 r--p 00000000 08:02 38020922                   /usr/share/locale-langpack/pt_BR/LC_MESSAGES/libc.mo
7fbaec0f3000-7fbaec0f7000 ---p 00000000 00:00 0 
7fbaec0f7000-7fbaec1f4000 rw-p 00000000 00:00 0 
7fbaec1f4000-7fbaec1f8000 ---p 00000000 00:00 0 
7fbaec1f8000-7fbaec2f5000 rw-p 00000000 00:00 0 
7fbaec2f5000-7fbaec2f9000 ---p 00000000 00:00 0 
7fbaec2f9000-7fbaec3f6000 rw-p 00000000 00:00 0 
7fbaec3f6000-7fbaec3fa000 ---p 00000000 00:00 0 
7fbaec3fa000-7fbaec4f7000 rw-p 00000000 00:00 0 
7fbaec4f7000-7fbaec4fb000 ---p 00000000 00:00 0 
7fbaec4fb000-7fbaec5f8000 rw-p 00000000 00:00 0 
7fbaec5f8000-7fbaec5fc000 ---p 00000000 00:00 0 
7fbaec5fc000-7fbaec6f9000 rw-p 00000000 00:00 0 
7fbaec6f9000-7fbaec6fd000 ---p 00000000 00:00 0 
7fbaec6fd000-7fbaec7fa000 rw-p 00000000 00:00 0 
7fbaec7fa000-7fbaec7fe000 ---p 00000000 00:00 0 
7fbaec7fe000-7fbaec8fb000 rw-p 00000000 00:00 0 
7fbaec8fb000-7fbaec8ff000 ---p 00000000 00:00 0 
7fbaec8ff000-7fbaec9fc000 rw-p 00000000 00:00 0 
7fbaec9fc000-7fbaec9fd000 ---p 00000000 00:00 0 
7fbaec9fd000-7fbaed2fe000 rw-p 00000000 00:00 0 
7fbaed2fe000-7fbaed2ff000 ---p 00000000 00:00 0 
7fbaed2ff000-7fbaed400000 rw-p 00000000 00:00 0 
7fbaed400000-7fbaed401000 ---p 00000000 00:00 0 
7fbaed401000-7fbaefd0a000 rw-p 00000000 00:00 0 
7fbaefd0a000-7fbaefd0b000 ---p 00000000 00:00 0 
7fbaefd0b000-7fbaefe0c000 rw-p 00000000 00:00 0 
7fbaefe0c000-7fbaefe0d000 ---p 00000000 00:00 0 
7fbaefe0d000-7fbaf0162000 rw-p 00000000 00:00 0 
7fbaf0162000-7fbaf1d9e000 ---p 00000000 00:00 0 
7fbaf1d9e000-7fbaf1ff2000 rw-p 00000000 00:00 0 
7fbaf1ff2000-7fbaf3c2e000 ---p 00000000 00:00 0 
7fbaf3c2e000-7fbaf3c79000 rw-p 00000000 00:00 0 
7fbaf3c79000-7fbaf4000000 ---p 00000000 00:00 0 
7fbaf4000000-7fbaf4021000 rw-p 00000000 00:00 0 
7fbaf4021000-7fbaf8000000 ---p 00000000 00:00 0 
7fbaf8003000-7fbaf8004000 r--p 00000000 08:02 41419657                   /usr/lib/jvm/java-11-openjdk-amd64/lib/libextnet.so
7fbaf8004000-7fbaf8005000 r-xp 00001000 08:02 41419657                   /usr/lib/jvm/java-11-openjdk-amd64/lib/libextnet.so
7fbaf8005000-7fbaf8006000 r--p 00002000 08:02 41419657                   /usr/lib/jvm/java-11-openjdk-amd64/lib/libextnet.so
7fbaf8006000-7fbaf8007000 r--p 00002000 08:02 41419657                   /usr/lib/jvm/java-11-openjdk-amd64/lib/libextnet.so
7fbaf8007000-7fbaf8008000 rw-p 00003000 08:02 41419657                   /usr/lib/jvm/java-11-openjdk-amd64/lib/libextnet.so
7fbaf8008000-7fbaf8010000 r--p 00000000 08:02 41419681                   /usr/lib/jvm/java-11-openjdk-amd64/lib/libsunec.so
7fbaf8010000-7fbaf8029000 r-xp 00008000 08:02 41419681                   /usr/lib/jvm/java-11-openjdk-amd64/lib/libsunec.so
7fbaf8029000-7fbaf8033000 r--p 00021000 08:02 41419681                   /usr/lib/jvm/java-11-openjdk-amd64/lib/libsunec.so
7fbaf8033000-7fbaf8034000 ---p 0002b000 08:02 41419681                   /usr/lib/jvm/java-11-openjdk-amd64/lib/libsunec.so
7fbaf8034000-7fbaf8038000 r--p 0002b000 08:02 41419681                   /usr/lib/jvm/java-11-openjdk-amd64/lib/libsunec.so
7fbaf8038000-7fbaf803a000 rw-p 0002f000 08:02 41419681                   /usr/lib/jvm/java-11-openjdk-amd64/lib/libsunec.so
7fbaf803a000-7fbaf803e000 r--p 00000000 08:02 41419675                   /usr/lib/jvm/java-11-openjdk-amd64/lib/libnet.so
7fbaf803e000-7fbaf804d000 r-xp 00004000 08:02 41419675                   /usr/lib/jvm/java-11-openjdk-amd64/lib/libnet.so
7fbaf804d000-7fbaf8051000 r--p 00013000 08:02 41419675                   /usr/lib/jvm/java-11-openjdk-amd64/lib/libnet.so
7fbaf8051000-7fbaf8052000 r--p 00016000 08:02 41419675                   /usr/lib/jvm/java-11-openjdk-amd64/lib/libnet.so
7fbaf8052000-7fbaf8053000 rw-p 00017000 08:02 41419675                   /usr/lib/jvm/java-11-openjdk-amd64/lib/libnet.so
7fbaf8053000-7fbaf811f000 rw-p 00000000 00:00 0 
7fbaf811f000-7fbaf84a6000 ---p 00000000 00:00 0 
7fbaf84a6000-7fbaf84f1000 rw-p 00000000 00:00 0 
7fbaf84f1000-7fbaf8878000 ---p 00000000 00:00 0 
7fbaf8878000-7fbaf8ae8000 rwxp 00000000 00:00 0 
7fbaf8ae8000-7fbaf8e09000 ---p 00000000 00:00 0 
7fbaf8e09000-7fbaf9569000 rwxp 00000000 00:00 0 
7fbaf9569000-7fbb00340000 ---p 00000000 00:00 0 
7fbb00340000-7fbb005b0000 rwxp 00000000 00:00 0 
7fbb005b0000-7fbb07878000 ---p 00000000 00:00 0 
7fbb10000000-7fbb11181000 rw-p 00000000 00:00 0 
7fbb11181000-7fbb14000000 ---p 00000000 00:00 0 
7fbb14004000-7fbb14006000 r--p 00000000 08:02 41419673                   /usr/lib/jvm/java-11-openjdk-amd64/lib/libmanagement_ext.so
7fbb14006000-7fbb14009000 r-xp 00002000 08:02 41419673                   /usr/lib/jvm/java-11-openjdk-amd64/lib/libmanagement_ext.so
7fbb14009000-7fbb1400a000 r--p 00005000 08:02 41419673                   /usr/lib/jvm/java-11-openjdk-amd64/lib/libmanagement_ext.so
7fbb1400a000-7fbb1400b000 ---p 00006000 08:02 41419673                   /usr/lib/jvm/java-11-openjdk-amd64/lib/libmanagement_ext.so
7fbb1400b000-7fbb1400c000 r--p 00006000 08:02 41419673                   /usr/lib/jvm/java-11-openjdk-amd64/lib/libmanagement_ext.so
7fbb1400c000-7fbb1400d000 rw-p 00007000 08:02 41419673                   /usr/lib/jvm/java-11-openjdk-amd64/lib/libmanagement_ext.so
7fbb1400d000-7fbb14010000 r--p 00000000 08:02 41419671                   /usr/lib/jvm/java-11-openjdk-amd64/lib/libmanagement.so
7fbb14010000-7fbb14011000 r-xp 00003000 08:02 41419671                   /usr/lib/jvm/java-11-openjdk-amd64/lib/libmanagement.so
7fbb14011000-7fbb14012000 r--p 00004000 08:02 41419671                   /usr/lib/jvm/java-11-openjdk-amd64/lib/libmanagement.so
7fbb14012000-7fbb14013000 r--p 00004000 08:02 41419671                   /usr/lib/jvm/java-11-openjdk-amd64/lib/libmanagement.so
7fbb14013000-7fbb14014000 rw-p 00005000 08:02 41419671                   /usr/lib/jvm/java-11-openjdk-amd64/lib/libmanagement.so
7fbb14014000-7fbb1401b000 r--p 00000000 08:02 41419676                   /usr/lib/jvm/java-11-openjdk-amd64/lib/libnio.so
7fbb1401b000-7fbb14023000 r-xp 00007000 08:02 41419676                   /usr/lib/jvm/java-11-openjdk-amd64/lib/libnio.so
7fbb14023000-7fbb14026000 r--p 0000f000 08:02 41419676                   /usr/lib/jvm/java-11-openjdk-amd64/lib/libnio.so
7fbb14026000-7fbb14027000 r--p 00011000 08:02 41419676                   /usr/lib/jvm/java-11-openjdk-amd64/lib/libnio.so
7fbb14027000-7fbb14028000 rw-p 00012000 08:02 41419676                   /usr/lib/jvm/java-11-openjdk-amd64/lib/libnio.so
7fbb14028000-7fbb1402a000 r--p 00000000 08:02 41419656                   /usr/lib/jvm/java-11-openjdk-amd64/lib/libdt_socket.so
7fbb1402a000-7fbb1402d000 r-xp 00002000 08:02 41419656                   /usr/lib/jvm/java-11-openjdk-amd64/lib/libdt_socket.so
7fbb1402d000-7fbb1402e000 r--p 00005000 08:02 41419656                   /usr/lib/jvm/java-11-openjdk-amd64/lib/libdt_socket.so
7fbb1402e000-7fbb1402f000 ---p 00006000 08:02 41419656                   /usr/lib/jvm/java-11-openjdk-amd64/lib/libdt_socket.so
7fbb1402f000-7fbb14030000 r--p 00006000 08:02 41419656                   /usr/lib/jvm/java-11-openjdk-amd64/lib/libdt_socket.so
7fbb14030000-7fbb14031000 rw-p 00007000 08:02 41419656                   /usr/lib/jvm/java-11-openjdk-amd64/lib/libdt_socket.so
7fbb14031000-7fbb14038000 r--s 00000000 08:02 36047802                   /usr/lib/x86_64-linux-gnu/gconv/gconv-modules.cache
7fbb14038000-7fbb1491a000 rw-p 00000000 00:00 0 
7fbb1491a000-7fbb1491b000 ---p 00000000 00:00 0 
7fbb1491b000-7fbb14a21000 rw-p 00000000 00:00 0 
7fbb14a21000-7fbb14b07000 ---p 00000000 00:00 0 
7fbb14b07000-7fbb14b16000 rw-p 00000000 00:00 0 
7fbb14b16000-7fbb14bf2000 ---p 00000000 00:00 0 
7fbb14bf2000-7fbb14bf7000 rw-p 00000000 00:00 0 
7fbb14bf7000-7fbb14bfe000 ---p 00000000 00:00 0 
7fbb14bfe000-7fbb14c00000 r--s 0000c000 08:02 36179086                   /usr/share/java/java-atk-wrapper.jar
7fbb14c00000-7fbb14c03000 r--p 00000000 08:02 35397414                   /usr/lib/x86_64-linux-gnu/libnss_files-2.31.so
7fbb14c03000-7fbb14c0a000 r-xp 00003000 08:02 35397414                   /usr/lib/x86_64-linux-gnu/libnss_files-2.31.so
7fbb14c0a000-7fbb14c0c000 r--p 0000a000 08:02 35397414                   /usr/lib/x86_64-linux-gnu/libnss_files-2.31.so
7fbb14c0c000-7fbb14c0d000 r--p 0000b000 08:02 35397414                   /usr/lib/x86_64-linux-gnu/libnss_files-2.31.so
7fbb14c0d000-7fbb14c0e000 rw-p 0000c000 08:02 35397414                   /usr/lib/x86_64-linux-gnu/libnss_files-2.31.so
7fbb14c0e000-7fbb14c14000 rw-p 00000000 00:00 0 
7fbb14c14000-7fbb14c16000 r--p 00000000 08:02 41419684                   /usr/lib/jvm/java-11-openjdk-amd64/lib/libzip.so
7fbb14c16000-7fbb14c1a000 r-xp 00002000 08:02 41419684                   /usr/lib/jvm/java-11-openjdk-amd64/lib/libzip.so
7fbb14c1a000-7fbb14c1c000 r--p 00006000 08:02 41419684                   /usr/lib/jvm/java-11-openjdk-amd64/lib/libzip.so
7fbb14c1c000-7fbb14c1d000 r--p 00007000 08:02 41419684                   /usr/lib/jvm/java-11-openjdk-amd64/lib/libzip.so
7fbb14c1d000-7fbb14c1e000 rw-p 00008000 08:02 41419684                   /usr/lib/jvm/java-11-openjdk-amd64/lib/libzip.so
7fbb14c1e000-7fbb14c26000 rw-s 00000000 08:02 53741251                   /tmp/hsperfdata_barbara/6166
7fbb14c26000-7fbb14c28000 r--p 00000000 08:02 41419659                   /usr/lib/jvm/java-11-openjdk-amd64/lib/libinstrument.so
7fbb14c28000-7fbb14c2e000 r-xp 00002000 08:02 41419659                   /usr/lib/jvm/java-11-openjdk-amd64/lib/libinstrument.so
7fbb14c2e000-7fbb14c31000 r--p 00008000 08:02 41419659                   /usr/lib/jvm/java-11-openjdk-amd64/lib/libinstrument.so
7fbb14c31000-7fbb14c32000 r--p 0000a000 08:02 41419659                   /usr/lib/jvm/java-11-openjdk-amd64/lib/libinstrument.so
7fbb14c32000-7fbb14c33000 rw-p 0000b000 08:02 41419659                   /usr/lib/jvm/java-11-openjdk-amd64/lib/libinstrument.so
7fbb14c33000-7fbb14c35000 r--p 00000000 08:02 41419666                   /usr/lib/jvm/java-11-openjdk-amd64/lib/libjdwp.so
7fbb14c35000-7fbb14c61000 r-xp 00002000 08:02 41419666                   /usr/lib/jvm/java-11-openjdk-amd64/lib/libjdwp.so
7fbb14c61000-7fbb14c6f000 r--p 0002e000 08:02 41419666                   /usr/lib/jvm/java-11-openjdk-amd64/lib/libjdwp.so
7fbb14c6f000-7fbb14c70000 r--p 0003b000 08:02 41419666                   /usr/lib/jvm/java-11-openjdk-amd64/lib/libjdwp.so
7fbb14c70000-7fbb14c71000 rw-p 0003c000 08:02 41419666                   /usr/lib/jvm/java-11-openjdk-amd64/lib/libjdwp.so
7fbb14c71000-7fbb14c72000 ---p 00000000 00:00 0 
7fbb14c72000-7fbb14c73000 r--p 00000000 00:00 0 
7fbb14c73000-7fbb14c75000 r--p 00000000 08:02 41419667                   /usr/lib/jvm/java-11-openjdk-amd64/lib/libjimage.so
7fbb14c75000-7fbb14c78000 r-xp 00002000 08:02 41419667                   /usr/lib/jvm/java-11-openjdk-amd64/lib/libjimage.so
7fbb14c78000-7fbb14c79000 r--p 00005000 08:02 41419667                   /usr/lib/jvm/java-11-openjdk-amd64/lib/libjimage.so
7fbb14c79000-7fbb14c7a000 ---p 00006000 08:02 41419667                   /usr/lib/jvm/java-11-openjdk-amd64/lib/libjimage.so
7fbb14c7a000-7fbb14c7b000 r--p 00006000 08:02 41419667                   /usr/lib/jvm/java-11-openjdk-amd64/lib/libjimage.so
7fbb14c7b000-7fbb14c7c000 rw-p 00007000 08:02 41419667                   /usr/lib/jvm/java-11-openjdk-amd64/lib/libjimage.so
7fbb14c7c000-7fbb14c8a000 r--p 00000000 08:02 41419664                   /usr/lib/jvm/java-11-openjdk-amd64/lib/libjava.so
7fbb14c8a000-7fbb14ca0000 r-xp 0000e000 08:02 41419664                   /usr/lib/jvm/java-11-openjdk-amd64/lib/libjava.so
7fbb14ca0000-7fbb14ca7000 r--p 00024000 08:02 41419664                   /usr/lib/jvm/java-11-openjdk-amd64/lib/libjava.so
7fbb14ca7000-7fbb14ca8000 r--p 0002a000 08:02 41419664                   /usr/lib/jvm/java-11-openjdk-amd64/lib/libjava.so
7fbb14ca8000-7fbb14ca9000 rw-p 0002b000 08:02 41419664                   /usr/lib/jvm/java-11-openjdk-amd64/lib/libjava.so
7fbb14ca9000-7fbb14caa000 rw-p 00000000 00:00 0 
7fbb14caa000-7fbb14cad000 r--p 00000000 08:02 35397616                   /usr/lib/x86_64-linux-gnu/librt-2.31.so
7fbb14cad000-7fbb14cb1000 r-xp 00003000 08:02 35397616                   /usr/lib/x86_64-linux-gnu/librt-2.31.so
7fbb14cb1000-7fbb14cb2000 r--p 00007000 08:02 35397616                   /usr/lib/x86_64-linux-gnu/librt-2.31.so
7fbb14cb2000-7fbb14cb3000 ---p 00008000 08:02 35397616                   /usr/lib/x86_64-linux-gnu/librt-2.31.so
7fbb14cb3000-7fbb14cb4000 r--p 00008000 08:02 35397616                   /usr/lib/x86_64-linux-gnu/librt-2.31.so
7fbb14cb4000-7fbb14cb5000 rw-p 00009000 08:02 35397616                   /usr/lib/x86_64-linux-gnu/librt-2.31.so
7fbb14cb5000-7fbb14cb9000 ---p 00000000 00:00 0 
7fbb14cb9000-7fbb14db6000 rw-p 00000000 00:00 0 
7fbb14db6000-7fbb14db9000 r--p 00000000 08:02 35390538                   /usr/lib/x86_64-linux-gnu/libgcc_s.so.1
7fbb14db9000-7fbb14dcb000 r-xp 00003000 08:02 35390538                   /usr/lib/x86_64-linux-gnu/libgcc_s.so.1
7fbb14dcb000-7fbb14dcf000 r--p 00015000 08:02 35390538                   /usr/lib/x86_64-linux-gnu/libgcc_s.so.1
7fbb14dcf000-7fbb14dd0000 r--p 00018000 08:02 35390538                   /usr/lib/x86_64-linux-gnu/libgcc_s.so.1
7fbb14dd0000-7fbb14dd1000 rw-p 00019000 08:02 35390538                   /usr/lib/x86_64-linux-gnu/libgcc_s.so.1
7fbb14dd1000-7fbb14de0000 r--p 00000000 08:02 35397290                   /usr/lib/x86_64-linux-gnu/libm-2.31.so
7fbb14de0000-7fbb14e87000 r-xp 0000f000 08:02 35397290                   /usr/lib/x86_64-linux-gnu/libm-2.31.so
7fbb14e87000-7fbb14f1e000 r--p 000b6000 08:02 35397290                   /usr/lib/x86_64-linux-gnu/libm-2.31.so
7fbb14f1e000-7fbb14f1f000 r--p 0014c000 08:02 35397290                   /usr/lib/x86_64-linux-gnu/libm-2.31.so
7fbb14f1f000-7fbb14f20000 rw-p 0014d000 08:02 35397290                   /usr/lib/x86_64-linux-gnu/libm-2.31.so
7fbb14f20000-7fbb14fb6000 r--p 00000000 08:02 35394869                   /usr/lib/x86_64-linux-gnu/libstdc++.so.6.0.28
7fbb14fb6000-7fbb150a7000 r-xp 00096000 08:02 35394869                   /usr/lib/x86_64-linux-gnu/libstdc++.so.6.0.28
7fbb150a7000-7fbb150f0000 r--p 00187000 08:02 35394869                   /usr/lib/x86_64-linux-gnu/libstdc++.so.6.0.28
7fbb150f0000-7fbb150f1000 ---p 001d0000 08:02 35394869                   /usr/lib/x86_64-linux-gnu/libstdc++.so.6.0.28
7fbb150f1000-7fbb150fc000 r--p 001d0000 08:02 35394869                   /usr/lib/x86_64-linux-gnu/libstdc++.so.6.0.28
7fbb150fc000-7fbb150ff000 rw-p 001db000 08:02 35394869                   /usr/lib/x86_64-linux-gnu/libstdc++.so.6.0.28
7fbb150ff000-7fbb15102000 rw-p 00000000 00:00 0 
7fbb15102000-7fbb1537c000 r--p 00000000 08:02 41419690                   /usr/lib/jvm/java-11-openjdk-amd64/lib/server/libjvm.so
7fbb1537c000-7fbb16001000 r-xp 0027a000 08:02 41419690                   /usr/lib/jvm/java-11-openjdk-amd64/lib/server/libjvm.so
7fbb16001000-7fbb16258000 r--p 00eff000 08:02 41419690                   /usr/lib/jvm/java-11-openjdk-amd64/lib/server/libjvm.so
7fbb16258000-7fbb16319000 r--p 01155000 08:02 41419690                   /usr/lib/jvm/java-11-openjdk-amd64/lib/server/libjvm.so
7fbb16319000-7fbb16354000 rw-p 01216000 08:02 41419690                   /usr/lib/jvm/java-11-openjdk-amd64/lib/server/libjvm.so
7fbb16354000-7fbb163ad000 rw-p 00000000 00:00 0 
7fbb163ad000-7fbb163b4000 r--p 00000000 08:02 35397555                   /usr/lib/x86_64-linux-gnu/libpthread-2.31.so
7fbb163b4000-7fbb163c5000 r-xp 00007000 08:02 35397555                   /usr/lib/x86_64-linux-gnu/libpthread-2.31.so
7fbb163c5000-7fbb163ca000 r--p 00018000 08:02 35397555                   /usr/lib/x86_64-linux-gnu/libpthread-2.31.so
7fbb163ca000-7fbb163cb000 r--p 0001c000 08:02 35397555                   /usr/lib/x86_64-linux-gnu/libpthread-2.31.so
7fbb163cb000-7fbb163cc000 rw-p 0001d000 08:02 35397555                   /usr/lib/x86_64-linux-gnu/libpthread-2.31.so
7fbb163cc000-7fbb163d0000 rw-p 00000000 00:00 0 
7fbb163d0000-7fbb163d1000 r--p 00000000 08:02 35396783                   /usr/lib/x86_64-linux-gnu/libdl-2.31.so
7fbb163d1000-7fbb163d3000 r-xp 00001000 08:02 35396783                   /usr/lib/x86_64-linux-gnu/libdl-2.31.so
7fbb163d3000-7fbb163d4000 r--p 00003000 08:02 35396783                   /usr/lib/x86_64-linux-gnu/libdl-2.31.so
7fbb163d4000-7fbb163d5000 r--p 00003000 08:02 35396783                   /usr/lib/x86_64-linux-gnu/libdl-2.31.so
7fbb163d5000-7fbb163d6000 rw-p 00004000 08:02 35396783                   /usr/lib/x86_64-linux-gnu/libdl-2.31.so
7fbb163d6000-7fbb163d8000 r--p 00000000 08:02 35397980                   /usr/lib/x86_64-linux-gnu/libz.so.1.2.11
7fbb163d8000-7fbb163e9000 r-xp 00002000 08:02 35397980                   /usr/lib/x86_64-linux-gnu/libz.so.1.2.11
7fbb163e9000-7fbb163ef000 r--p 00013000 08:02 35397980                   /usr/lib/x86_64-linux-gnu/libz.so.1.2.11
7fbb163ef000-7fbb163f0000 ---p 00019000 08:02 35397980                   /usr/lib/x86_64-linux-gnu/libz.so.1.2.11
7fbb163f0000-7fbb163f1000 r--p 00019000 08:02 35397980                   /usr/lib/x86_64-linux-gnu/libz.so.1.2.11
7fbb163f1000-7fbb163f2000 rw-p 0001a000 08:02 35397980                   /usr/lib/x86_64-linux-gnu/libz.so.1.2.11
7fbb163f2000-7fbb16417000 r--p 00000000 08:02 35396648                   /usr/lib/x86_64-linux-gnu/libc-2.31.so
7fbb16417000-7fbb1658f000 r-xp 00025000 08:02 35396648                   /usr/lib/x86_64-linux-gnu/libc-2.31.so
7fbb1658f000-7fbb165d9000 r--p 0019d000 08:02 35396648                   /usr/lib/x86_64-linux-gnu/libc-2.31.so
7fbb165d9000-7fbb165da000 ---p 001e7000 08:02 35396648                   /usr/lib/x86_64-linux-gnu/libc-2.31.so
7fbb165da000-7fbb165dd000 r--p 001e7000 08:02 35396648                   /usr/lib/x86_64-linux-gnu/libc-2.31.so
7fbb165dd000-7fbb165e0000 rw-p 001ea000 08:02 35396648                   /usr/lib/x86_64-linux-gnu/libc-2.31.so
7fbb165e0000-7fbb165e4000 rw-p 00000000 00:00 0 
7fbb165e4000-7fbb165e9000 r--p 00000000 08:02 41419683                   /usr/lib/jvm/java-11-openjdk-amd64/lib/libverify.so
7fbb165e9000-7fbb165f0000 r-xp 00005000 08:02 41419683                   /usr/lib/jvm/java-11-openjdk-amd64/lib/libverify.so
7fbb165f0000-7fbb165f2000 r--p 0000c000 08:02 41419683                   /usr/lib/jvm/java-11-openjdk-amd64/lib/libverify.so
7fbb165f2000-7fbb165f3000 ---p 0000e000 08:02 41419683                   /usr/lib/jvm/java-11-openjdk-amd64/lib/libverify.so
7fbb165f3000-7fbb165f5000 r--p 0000e000 08:02 41419683                   /usr/lib/jvm/java-11-openjdk-amd64/lib/libverify.so
7fbb165f5000-7fbb165f6000 rw-p 00010000 08:02 41419683                   /usr/lib/jvm/java-11-openjdk-amd64/lib/libverify.so
7fbb165f6000-7fbb165f9000 r--p 00000000 08:02 41419649                   /usr/lib/jvm/java-11-openjdk-amd64/lib/jli/libjli.so
7fbb165f9000-7fbb16603000 r-xp 00003000 08:02 41419649                   /usr/lib/jvm/java-11-openjdk-amd64/lib/jli/libjli.so
7fbb16603000-7fbb16606000 r--p 0000d000 08:02 41419649                   /usr/lib/jvm/java-11-openjdk-amd64/lib/jli/libjli.so
7fbb16606000-7fbb16607000 ---p 00010000 08:02 41419649                   /usr/lib/jvm/java-11-openjdk-amd64/lib/jli/libjli.so
7fbb16607000-7fbb16608000 r--p 00010000 08:02 41419649                   /usr/lib/jvm/java-11-openjdk-amd64/lib/jli/libjli.so
7fbb16608000-7fbb16609000 rw-p 00011000 08:02 41419649                   /usr/lib/jvm/java-11-openjdk-amd64/lib/jli/libjli.so
7fbb16609000-7fbb1660b000 rw-p 00000000 00:00 0 
7fbb1660b000-7fbb1660c000 r--p 00000000 08:02 35396432                   /usr/lib/x86_64-linux-gnu/ld-2.31.so
7fbb1660c000-7fbb1662f000 r-xp 00001000 08:02 35396432                   /usr/lib/x86_64-linux-gnu/ld-2.31.so
7fbb1662f000-7fbb16637000 r--p 00024000 08:02 35396432                   /usr/lib/x86_64-linux-gnu/ld-2.31.so
7fbb16638000-7fbb16639000 r--p 0002c000 08:02 35396432                   /usr/lib/x86_64-linux-gnu/ld-2.31.so
7fbb16639000-7fbb1663a000 rw-p 0002d000 08:02 35396432                   /usr/lib/x86_64-linux-gnu/ld-2.31.so
7fbb1663a000-7fbb1663b000 rw-p 00000000 00:00 0 
7ffef6127000-7ffef6149000 rw-p 00000000 00:00 0                          [stack]
7ffef61ad000-7ffef61b1000 r--p 00000000 00:00 0                          [vvar]
7ffef61b1000-7ffef61b3000 r-xp 00000000 00:00 0                          [vdso]
ffffffffff600000-ffffffffff601000 --xp 00000000 00:00 0                  [vsyscall]


VM Arguments:
jvm_args: -agentlib:jdwp=transport=dt_socket,suspend=y,address=localhost:43909 -javaagent:/home/barbara/eclipse/java-2021-06/eclipse/configuration/org.eclipse.osgi/217/0/.cp/lib/javaagent-shaded.jar -Dfile.encoding=UTF-8 
java_command: org.springframework.boot.store.StoreApplication
java_class_path (initial): /home/barbara/eclipse-workspace/store/target/classes:/home/barbara/.p2/pool/plugins/org.junit.jupiter.api_5.7.1.v20210222-1948.jar:/home/barbara/.p2/pool/plugins/org.junit.jupiter.engine_5.7.1.v20210222-1948.jar:/home/barbara/.p2/pool/plugins/org.junit.jupiter.migrationsupport_5.7.1.v20210222-1948.jar:/home/barbara/.p2/pool/plugins/org.junit.jupiter.params_5.7.1.v20210222-1948.jar:/home/barbara/.p2/pool/plugins/org.junit.platform.commons_1.7.1.v20210222-1948.jar:/home/barbara/.p2/pool/plugins/org.junit.platform.engine_1.7.1.v20210222-1948.jar:/home/barbara/.p2/pool/plugins/org.junit.platform.launcher_1.7.1.v20210222-1948.jar:/home/barbara/.p2/pool/plugins/org.junit.platform.runner_1.7.1.v20210222-1948.jar:/home/barbara/.p2/pool/plugins/org.junit.platform.suite.api_1.7.1.v20210222-1948.jar:/home/barbara/.p2/pool/plugins/org.junit.vintage.engine_5.7.1.v20210222-1948.jar:/home/barbara/.p2/pool/plugins/org.opentest4j_1.2.0.v20190826-0900.jar:/home/barbara/.p2/pool/plugins/org.apiguardian_1.1.0.v20190826-0900.jar:/home/barbara/.p2/pool/plugins/org.junit_4.13.0.v20200204-1500.jar:/home/barbara/.p2/pool/plugins/org.hamcrest.core_1.3.0.v20180420-1519.jar:/home/barbara/.m2/repository/org/springframework/boot/spring-boot-starter-web/2.1.5.RELEASE/spring-boot-starter-web-2.1.5.RELEASE.jar:/home/barbara/.m2/repository/org/springframework/boot/spring-boot-starter/2.1.5.RELEASE/spring-boot-starter-2.1.5.RELEASE.jar:/home/barbara/.m2/repository/org/springframework/boot/spring-boot/2.1.5.RELEASE/spring-boot-2.1.5.RELEASE.jar:/home/barbara/.m2/repository/org/springframework/boot/spring-boot-autoconfigure/2.1.5.RELEASE/spring-boot-autoconfigure-2.1.5.RELEASE.jar:/home/barbara/.m2/repository/org/springframework/boot/spring-boot-starter-logging/2.1.5.RELEASE/spring-boot-starter-logging-2.1.5.RELEASE.jar:/home/barbara/.m2/repository/ch/qos/logback/logback-classic/1.2.3/logback-classic-1.2.3.jar:/home/barbara/.m2/repository/ch/qos/logback/logback-core/1.2.3/l
Launcher Type: SUN_STANDARD

[Global flags]
     intx CICompilerCount                          = 4                                         {product} {ergonomic}
     uint ConcGCThreads                            = 2                                         {product} {ergonomic}
     uint G1ConcRefinementThreads                  = 8                                         {product} {ergonomic}
   size_t G1HeapRegionSize                         = 1048576                                   {product} {ergonomic}
    uintx GCDrainStackTargetSize                   = 64                                        {product} {ergonomic}
   size_t InitialHeapSize                          = 130023424                                 {product} {ergonomic}
   size_t MarkStackSize                            = 4194304                                   {product} {ergonomic}
   size_t MaxHeapSize                              = 2051014656                                {product} {ergonomic}
   size_t MaxNewSize                               = 1229979648                                {product} {ergonomic}
   size_t MinHeapDeltaBytes                        = 1048576                                   {product} {ergonomic}
    uintx NonNMethodCodeHeapSize                   = 5836300                                {pd product} {ergonomic}
    uintx NonProfiledCodeHeapSize                  = 122910970                              {pd product} {ergonomic}
    uintx ProfiledCodeHeapSize                     = 122910970                              {pd product} {ergonomic}
    uintx ReservedCodeCacheSize                    = 251658240                              {pd product} {ergonomic}
     bool SegmentedCodeCache                       = true                                      {product} {ergonomic}
     bool UseCompressedClassPointers               = true                                 {lp64_product} {ergonomic}
     bool UseCompressedOops                        = true                                 {lp64_product} {ergonomic}
     bool UseG1GC                                  = true                                      {product} {ergonomic}

Logging:
Log output configuration:
 #0: stdout all=warning uptime,level,tags
 #1: stderr all=off uptime,level,tags

Environment Variables:
PATH=/usr/local/sbin:/usr/local/bin:/usr/sbin:/usr/bin:/sbin:/bin:/usr/games:/usr/local/games:/snap/bin
USERNAME=barbara
SHELL=/bin/bash
DISPLAY=:0
LANG=pt_BR.UTF-8

Signal Handlers:
SIGSEGV: [libjvm.so+0xe8ba00], sa_mask[0]=11111111011111111101111111111110, sa_flags=SA_RESTART|SA_SIGINFO
SIGBUS: [libjvm.so+0xe8ba00], sa_mask[0]=11111111011111111101111111111110, sa_flags=SA_RESTART|SA_SIGINFO
SIGFPE: [libjvm.so+0xe8ba00], sa_mask[0]=11111111011111111101111111111110, sa_flags=SA_RESTART|SA_SIGINFO
SIGPIPE: [libjvm.so+0xbd10f0], sa_mask[0]=11111111011111111101111111111110, sa_flags=SA_RESTART|SA_SIGINFO
SIGXFSZ: [libjvm.so+0xbd10f0], sa_mask[0]=11111111011111111101111111111110, sa_flags=SA_RESTART|SA_SIGINFO
SIGILL: [libjvm.so+0xe8ba00], sa_mask[0]=11111111011111111101111111111110, sa_flags=SA_RESTART|SA_SIGINFO
SIGUSR2: [libjvm.so+0xbd0f90], sa_mask[0]=00100000000000000000000000000000, sa_flags=SA_RESTART|SA_SIGINFO
SIGHUP: [libjvm.so+0xbd1430], sa_mask[0]=11111111011111111101111111111110, sa_flags=SA_RESTART|SA_SIGINFO
SIGINT: [libjvm.so+0xbd1430], sa_mask[0]=11111111011111111101111111111110, sa_flags=SA_RESTART|SA_SIGINFO
SIGTERM: [libjvm.so+0xbd1430], sa_mask[0]=11111111011111111101111111111110, sa_flags=SA_RESTART|SA_SIGINFO
SIGQUIT: [libjvm.so+0xbd1430], sa_mask[0]=11111111011111111101111111111110, sa_flags=SA_RESTART|SA_SIGINFO


---------------  S Y S T E M  ---------------

OS:DISTRIB_ID=Ubuntu
DISTRIB_RELEASE=20.04
DISTRIB_CODENAME=focal
DISTRIB_DESCRIPTION="Ubuntu 20.04.2 LTS"
uname:Linux 5.11.0-27-generic #29~20.04.1-Ubuntu SMP Wed Aug 11 15:58:17 UTC 2021 x86_64
OS uptime: 0 days 9:35 hours
libc:glibc 2.31 NPTL 2.31 
rlimit (soft/hard): STACK 8192k/infinity , CORE 0k/infinity , NPROC 31062/31062 , NOFILE 1048576/1048576 , AS infinity/infinity , CPU infinity/infinity , DATA infinity/infinity , FSIZE infinity/infinity , MEMLOCK 65536k/65536k
load average:2,55 1,80 1,82

/proc/meminfo:
MemTotal:        8011264 kB
MemFree:          253384 kB
MemAvailable:    3617924 kB
Buffers:           90140 kB
Cached:          3970140 kB
SwapCached:            0 kB
Active:          1720464 kB
Inactive:        5562684 kB
Active(anon):       3260 kB
Inactive(anon):  3752736 kB
Active(file):    1717204 kB
Inactive(file):  1809948 kB
Unevictable:       99968 kB
Mlocked:              32 kB
SwapTotal:       2097148 kB
SwapFree:        2095856 kB
Dirty:               288 kB
Writeback:             0 kB
AnonPages:       3322916 kB
Mapped:           854920 kB
Shmem:            553016 kB
KReclaimable:     121396 kB
Slab:             216476 kB
SReclaimable:     121396 kB
SUnreclaim:        95080 kB
KernelStack:       17152 kB
PageTables:        34264 kB
NFS_Unstable:          0 kB
Bounce:                0 kB
WritebackTmp:          0 kB
CommitLimit:     6102780 kB
Committed_AS:    9921160 kB
VmallocTotal:   34359738367 kB
VmallocUsed:       55532 kB
VmallocChunk:          0 kB
Percpu:             6528 kB
HardwareCorrupted:     0 kB
AnonHugePages:         0 kB
ShmemHugePages:        0 kB
ShmemPmdMapped:        0 kB
FileHugePages:         0 kB
FilePmdMapped:         0 kB
HugePages_Total:       0
HugePages_Free:        0
HugePages_Rsvd:        0
HugePages_Surp:        0
Hugepagesize:       2048 kB
Hugetlb:               0 kB
DirectMap4k:      273872 kB
DirectMap2M:     6928384 kB
DirectMap1G:     2097152 kB

/sys/kernel/mm/transparent_hugepage/enabled:
always [madvise] never
/sys/kernel/mm/transparent_hugepage/defrag (defrag/compaction efforts parameter):
always defer defer+madvise [madvise] never

Process Memory:
Virtual Size: 6435004K (peak: 6704860K)
Resident Set Size: 268224K (peak: 302300K) (anon: 248948K, file: 19276K, shmem: 0K)
Swapped out: 0K
C-Heap outstanding allocations: 21718K

/proc/sys/kernel/threads-max (system-wide limit on the number of threads):
62124
/proc/sys/vm/max_map_count (maximum number of memory map areas a process may have):
65530
/proc/sys/kernel/pid_max (system-wide limit on number of process identifiers):
4194304

container (cgroup) information:
container_type: cgroupv1
cpu_cpuset_cpus: 0-7
cpu_memory_nodes: 0
active_processor_count: 8
cpu_quota: -1
cpu_period: 100000
cpu_shares: -1
memory_limit_in_bytes: -1
memory_and_swap_limit_in_bytes: -1
memory_soft_limit_in_bytes: -1
memory_usage_in_bytes: 6485127168
memory_max_usage_in_bytes: 6644387840

Steal ticks since vm start: 0
Steal ticks percentage since vm start:  0,000

CPU:total 8 (initial active 8) (4 cores per cpu, 2 threads per core) family 6 model 142 stepping 10 microcode 0xea, cmov, cx8, fxsr, mmx, sse, sse2, sse3, ssse3, sse4.1, sse4.2, popcnt, avx, avx2, aes, clmul, erms, 3dnowpref, lzcnt, ht, tsc, tscinvbit, bmi1, bmi2, adx, fma
CPU Model and flags from /proc/cpuinfo:
model name	: Intel(R) Core(TM) i5-8250U CPU @ 1.60GHz
flags		: fpu vme de pse tsc msr pae mce cx8 apic sep mtrr pge mca cmov pat pse36 clflush dts acpi mmx fxsr sse sse2 ss ht tm pbe syscall nx pdpe1gb rdtscp lm constant_tsc art arch_perfmon pebs bts rep_good nopl xtopology nonstop_tsc cpuid aperfmperf pni pclmulqdq dtes64 monitor ds_cpl vmx est tm2 ssse3 sdbg fma cx16 xtpr pdcm pcid sse4_1 sse4_2 x2apic movbe popcnt tsc_deadline_timer aes xsave avx f16c rdrand lahf_lm abm 3dnowprefetch cpuid_fault epb invpcid_single pti ssbd ibrs ibpb stibp tpr_shadow vnmi flexpriority ept vpid ept_ad fsgsbase tsc_adjust bmi1 avx2 smep bmi2 erms invpcid mpx rdseed adx smap clflushopt intel_pt xsaveopt xsavec xgetbv1 xsaves dtherm ida arat pln pts hwp hwp_notify hwp_act_window hwp_epp md_clear flush_l1d
Online cpus:
0-7
Offline cpus:

BIOS frequency limitation:
<Not Available>
Frequency switch latency (ns):
0
Available cpu frequencies:
<Not Available>
Current governor:
powersave
Core performance/turbo boost:
<Not Available>

Memory: 4k page, physical 8011264k(253384k free), swap 2097148k(2095856k free)

vm_info: OpenJDK 64-Bit Server VM (11.0.11+9-Ubuntu-0ubuntu2.20.04) for linux-amd64 JRE (11.0.11+9-Ubuntu-0ubuntu2.20.04), built on Apr 21 2021 09:15:32 by "unknown" with gcc 9.3.0

END.
